15:18:56,460 DEBUG BasicTypeRegistry:146 - Adding type registration boolean -> org.hibernate.type.BooleanType@33cb5951
15:18:56,466 DEBUG BasicTypeRegistry:146 - Adding type registration boolean -> org.hibernate.type.BooleanType@33cb5951
15:18:56,467 DEBUG BasicTypeRegistry:146 - Adding type registration java.lang.Boolean -> org.hibernate.type.BooleanType@33cb5951
15:18:56,470 DEBUG BasicTypeRegistry:146 - Adding type registration numeric_boolean -> org.hibernate.type.NumericBooleanType@4df828d7
15:18:56,472 DEBUG BasicTypeRegistry:146 - Adding type registration true_false -> org.hibernate.type.TrueFalseType@3ffcd140
15:18:56,474 DEBUG BasicTypeRegistry:146 - Adding type registration yes_no -> org.hibernate.type.YesNoType@120d6fe6
15:18:56,478 DEBUG BasicTypeRegistry:146 - Adding type registration byte -> org.hibernate.type.ByteType@21a947fe
15:18:56,479 DEBUG BasicTypeRegistry:146 - Adding type registration byte -> org.hibernate.type.ByteType@21a947fe
15:18:56,480 DEBUG BasicTypeRegistry:146 - Adding type registration java.lang.Byte -> org.hibernate.type.ByteType@21a947fe
15:18:56,482 DEBUG BasicTypeRegistry:146 - Adding type registration character -> org.hibernate.type.CharacterType@6c3f5566
15:18:56,483 DEBUG BasicTypeRegistry:146 - Adding type registration char -> org.hibernate.type.CharacterType@6c3f5566
15:18:56,483 DEBUG BasicTypeRegistry:146 - Adding type registration java.lang.Character -> org.hibernate.type.CharacterType@6c3f5566
15:18:56,486 DEBUG BasicTypeRegistry:146 - Adding type registration short -> org.hibernate.type.ShortType@71248c21
15:18:56,487 DEBUG BasicTypeRegistry:146 - Adding type registration short -> org.hibernate.type.ShortType@71248c21
15:18:56,488 DEBUG BasicTypeRegistry:146 - Adding type registration java.lang.Short -> org.hibernate.type.ShortType@71248c21
15:18:56,490 DEBUG BasicTypeRegistry:146 - Adding type registration integer -> org.hibernate.type.IntegerType@6b0c2d26
15:18:56,492 DEBUG BasicTypeRegistry:146 - Adding type registration int -> org.hibernate.type.IntegerType@6b0c2d26
15:18:56,495 DEBUG BasicTypeRegistry:146 - Adding type registration java.lang.Integer -> org.hibernate.type.IntegerType@6b0c2d26
15:18:56,498 DEBUG BasicTypeRegistry:146 - Adding type registration long -> org.hibernate.type.LongType@146044d7
15:18:56,498 DEBUG BasicTypeRegistry:146 - Adding type registration long -> org.hibernate.type.LongType@146044d7
15:18:56,499 DEBUG BasicTypeRegistry:146 - Adding type registration java.lang.Long -> org.hibernate.type.LongType@146044d7
15:18:56,502 DEBUG BasicTypeRegistry:146 - Adding type registration float -> org.hibernate.type.FloatType@19dc67c2
15:18:56,503 DEBUG BasicTypeRegistry:146 - Adding type registration float -> org.hibernate.type.FloatType@19dc67c2
15:18:56,503 DEBUG BasicTypeRegistry:146 - Adding type registration java.lang.Float -> org.hibernate.type.FloatType@19dc67c2
15:18:56,506 DEBUG BasicTypeRegistry:146 - Adding type registration double -> org.hibernate.type.DoubleType@58fdd99
15:18:56,507 DEBUG BasicTypeRegistry:146 - Adding type registration double -> org.hibernate.type.DoubleType@58fdd99
15:18:56,507 DEBUG BasicTypeRegistry:146 - Adding type registration java.lang.Double -> org.hibernate.type.DoubleType@58fdd99
15:18:56,510 DEBUG BasicTypeRegistry:146 - Adding type registration big_decimal -> org.hibernate.type.BigDecimalType@6a472554
15:18:56,511 DEBUG BasicTypeRegistry:146 - Adding type registration java.math.BigDecimal -> org.hibernate.type.BigDecimalType@6a472554
15:18:56,513 DEBUG BasicTypeRegistry:146 - Adding type registration big_integer -> org.hibernate.type.BigIntegerType@61d47554
15:18:56,514 DEBUG BasicTypeRegistry:146 - Adding type registration java.math.BigInteger -> org.hibernate.type.BigIntegerType@61d47554
15:18:56,515 DEBUG BasicTypeRegistry:146 - Adding type registration string -> org.hibernate.type.StringType@5a4aa2f2
15:18:56,516 DEBUG BasicTypeRegistry:146 - Adding type registration java.lang.String -> org.hibernate.type.StringType@5a4aa2f2
15:18:56,518 DEBUG BasicTypeRegistry:146 - Adding type registration nstring -> org.hibernate.type.StringNVarcharType@279ad2e3
15:18:56,520 DEBUG BasicTypeRegistry:146 - Adding type registration ncharacter -> org.hibernate.type.CharacterNCharType@77e4c80f
15:18:56,524 DEBUG BasicTypeRegistry:146 - Adding type registration url -> org.hibernate.type.UrlType@255b53dc
15:18:56,525 DEBUG BasicTypeRegistry:146 - Adding type registration java.net.URL -> org.hibernate.type.UrlType@255b53dc
15:18:56,529 DEBUG BasicTypeRegistry:146 - Adding type registration date -> org.hibernate.type.DateType@971d0d8
15:18:56,529 DEBUG BasicTypeRegistry:146 - Adding type registration java.sql.Date -> org.hibernate.type.DateType@971d0d8
15:18:56,533 DEBUG BasicTypeRegistry:146 - Adding type registration time -> org.hibernate.type.TimeType@c8e4bb0
15:18:56,542 DEBUG BasicTypeRegistry:146 - Adding type registration java.sql.Time -> org.hibernate.type.TimeType@c8e4bb0
15:18:56,552 DEBUG BasicTypeRegistry:146 - Adding type registration timestamp -> org.hibernate.type.TimestampType@770c2e6b
15:18:56,553 DEBUG BasicTypeRegistry:146 - Adding type registration java.sql.Timestamp -> org.hibernate.type.TimestampType@770c2e6b
15:18:56,553 DEBUG BasicTypeRegistry:146 - Adding type registration java.util.Date -> org.hibernate.type.TimestampType@770c2e6b
15:18:56,559 DEBUG BasicTypeRegistry:146 - Adding type registration dbtimestamp -> org.hibernate.type.DbTimestampType@61009542
15:18:56,563 DEBUG BasicTypeRegistry:146 - Adding type registration calendar -> org.hibernate.type.CalendarType@7f9fcf7f
15:18:56,564 DEBUG BasicTypeRegistry:146 - Adding type registration java.util.Calendar -> org.hibernate.type.CalendarType@7f9fcf7f
15:18:56,574 DEBUG BasicTypeRegistry:146 - Adding type registration java.util.GregorianCalendar -> org.hibernate.type.CalendarType@7f9fcf7f
15:18:56,580 DEBUG BasicTypeRegistry:146 - Adding type registration calendar_date -> org.hibernate.type.CalendarDateType@145eaa29
15:18:56,584 DEBUG BasicTypeRegistry:146 - Adding type registration locale -> org.hibernate.type.LocaleType@41ee392b
15:18:56,585 DEBUG BasicTypeRegistry:146 - Adding type registration java.util.Locale -> org.hibernate.type.LocaleType@41ee392b
15:18:56,587 DEBUG BasicTypeRegistry:146 - Adding type registration currency -> org.hibernate.type.CurrencyType@6ee12bac
15:18:56,593 DEBUG BasicTypeRegistry:146 - Adding type registration java.util.Currency -> org.hibernate.type.CurrencyType@6ee12bac
15:18:56,596 DEBUG BasicTypeRegistry:146 - Adding type registration timezone -> org.hibernate.type.TimeZoneType@75f9eccc
15:18:56,596 DEBUG BasicTypeRegistry:146 - Adding type registration java.util.TimeZone -> org.hibernate.type.TimeZoneType@75f9eccc
15:18:56,598 DEBUG BasicTypeRegistry:146 - Adding type registration class -> org.hibernate.type.ClassType@5ea434c8
15:18:56,599 DEBUG BasicTypeRegistry:146 - Adding type registration java.lang.Class -> org.hibernate.type.ClassType@5ea434c8
15:18:56,601 DEBUG BasicTypeRegistry:146 - Adding type registration uuid-binary -> org.hibernate.type.UUIDBinaryType@52e677af
15:18:56,602 DEBUG BasicTypeRegistry:146 - Adding type registration java.util.UUID -> org.hibernate.type.UUIDBinaryType@52e677af
15:18:56,604 DEBUG BasicTypeRegistry:146 - Adding type registration uuid-char -> org.hibernate.type.UUIDCharType@341b80b2
15:18:56,605 DEBUG BasicTypeRegistry:146 - Adding type registration pg-uuid -> org.hibernate.type.PostgresUUIDType@1b083826
15:18:56,607 DEBUG BasicTypeRegistry:146 - Adding type registration binary -> org.hibernate.type.BinaryType@7d68ef40
15:18:56,608 DEBUG BasicTypeRegistry:146 - Adding type registration byte[] -> org.hibernate.type.BinaryType@7d68ef40
15:18:56,609 DEBUG BasicTypeRegistry:146 - Adding type registration [B -> org.hibernate.type.BinaryType@7d68ef40
15:18:56,613 DEBUG BasicTypeRegistry:146 - Adding type registration wrapper-binary -> org.hibernate.type.WrapperBinaryType@5d740a0f
15:18:56,614 DEBUG BasicTypeRegistry:146 - Adding type registration Byte[] -> org.hibernate.type.WrapperBinaryType@5d740a0f
15:18:56,616 DEBUG BasicTypeRegistry:146 - Adding type registration [Ljava.lang.Byte; -> org.hibernate.type.WrapperBinaryType@5d740a0f
15:18:56,618 DEBUG BasicTypeRegistry:146 - Adding type registration image -> org.hibernate.type.ImageType@2c34f934
15:18:56,620 DEBUG BasicTypeRegistry:146 - Adding type registration characters -> org.hibernate.type.CharArrayType@212bf671
15:18:56,621 DEBUG BasicTypeRegistry:146 - Adding type registration char[] -> org.hibernate.type.CharArrayType@212bf671
15:18:56,621 DEBUG BasicTypeRegistry:146 - Adding type registration [C -> org.hibernate.type.CharArrayType@212bf671
15:18:56,624 DEBUG BasicTypeRegistry:146 - Adding type registration wrapper-characters -> org.hibernate.type.CharacterArrayType@17c386de
15:18:56,624 DEBUG BasicTypeRegistry:146 - Adding type registration [Ljava.lang.Character; -> org.hibernate.type.CharacterArrayType@17c386de
15:18:56,625 DEBUG BasicTypeRegistry:146 - Adding type registration Character[] -> org.hibernate.type.CharacterArrayType@17c386de
15:18:56,635 DEBUG BasicTypeRegistry:146 - Adding type registration text -> org.hibernate.type.TextType@780cb77
15:18:56,637 DEBUG BasicTypeRegistry:146 - Adding type registration ntext -> org.hibernate.type.NTextType@2d9d4f9d
15:18:56,646 DEBUG BasicTypeRegistry:146 - Adding type registration blob -> org.hibernate.type.BlobType@f2f2cc1
15:18:56,646 DEBUG BasicTypeRegistry:146 - Adding type registration java.sql.Blob -> org.hibernate.type.BlobType@f2f2cc1
15:18:56,648 DEBUG BasicTypeRegistry:146 - Adding type registration materialized_blob -> org.hibernate.type.MaterializedBlobType@2aa5fe93
15:18:56,655 DEBUG BasicTypeRegistry:146 - Adding type registration clob -> org.hibernate.type.ClobType@a4102b8
15:18:56,657 DEBUG BasicTypeRegistry:146 - Adding type registration java.sql.Clob -> org.hibernate.type.ClobType@a4102b8
15:18:56,664 DEBUG BasicTypeRegistry:146 - Adding type registration nclob -> org.hibernate.type.NClobType@78dd667e
15:18:56,664 DEBUG BasicTypeRegistry:146 - Adding type registration java.sql.NClob -> org.hibernate.type.NClobType@78dd667e
15:18:56,666 DEBUG BasicTypeRegistry:146 - Adding type registration materialized_clob -> org.hibernate.type.MaterializedClobType@78b729e6
15:18:56,668 DEBUG BasicTypeRegistry:146 - Adding type registration materialized_nclob -> org.hibernate.type.MaterializedNClobType@197d671
15:18:56,670 DEBUG BasicTypeRegistry:146 - Adding type registration serializable -> org.hibernate.type.SerializableType@13c10b87
15:18:56,676 DEBUG BasicTypeRegistry:146 - Adding type registration object -> org.hibernate.type.ObjectType@7d3a22a9
15:18:56,676 DEBUG BasicTypeRegistry:146 - Adding type registration java.lang.Object -> org.hibernate.type.ObjectType@7d3a22a9
15:18:56,679 DEBUG BasicTypeRegistry:146 - Adding type registration imm_date -> org.hibernate.type.AdaptedImmutableType@6b19b79
15:18:56,680 DEBUG BasicTypeRegistry:146 - Adding type registration imm_time -> org.hibernate.type.AdaptedImmutableType@2a32de6c
15:18:56,680 DEBUG BasicTypeRegistry:146 - Adding type registration imm_timestamp -> org.hibernate.type.AdaptedImmutableType@7692d9cc
15:18:56,681 DEBUG BasicTypeRegistry:146 - Adding type registration imm_dbtimestamp -> org.hibernate.type.AdaptedImmutableType@75f32542
15:18:56,683 DEBUG BasicTypeRegistry:146 - Adding type registration imm_calendar -> org.hibernate.type.AdaptedImmutableType@7f1302d6
15:18:56,684 DEBUG BasicTypeRegistry:146 - Adding type registration imm_calendar_date -> org.hibernate.type.AdaptedImmutableType@43ee72e6
15:18:56,684 DEBUG BasicTypeRegistry:146 - Adding type registration imm_binary -> org.hibernate.type.AdaptedImmutableType@23529fee
15:18:56,685 DEBUG BasicTypeRegistry:146 - Adding type registration imm_serializable -> org.hibernate.type.AdaptedImmutableType@4fe767f3
15:18:56,723  INFO Version:66 - HCANN000001: Hibernate Commons Annotations {4.0.5.Final}
15:18:56,735  INFO Version:54 - HHH000412: Hibernate Core {4.3.11.Final}
15:18:56,739  INFO Environment:239 - HHH000206: hibernate.properties not found
15:18:56,744  INFO Environment:346 - HHH000021: Bytecode provider name : javassist
15:18:56,822  INFO Configuration:2075 - HHH000043: Configuring from resource: /hibernate.cfg.xml
15:18:56,828  INFO Configuration:2094 - HHH000040: Configuration resource: /hibernate.cfg.xml
15:18:58,676  INFO Configuration:2216 - HHH000041: Configured SessionFactory: 
15:18:58,807  WARN DriverManagerConnectionProviderImpl:93 - HHH000402: Using Hibernate built-in connection pool (not for production use!)
15:18:58,816  INFO DriverManagerConnectionProviderImpl:166 - HHH000401: using driver [com.mysql.jdbc.Driver] at URL [jdbc:mysql://localhost:3306/library]
15:18:58,816  INFO DriverManagerConnectionProviderImpl:175 - HHH000046: Connection properties: {user=root, password=****}
15:18:58,817  INFO DriverManagerConnectionProviderImpl:180 - HHH000006: Autocommit mode: false
15:18:58,819  INFO DriverManagerConnectionProviderImpl:102 - HHH000115: Hibernate connection pool size: 20 (min=1)
15:18:59,282  INFO Dialect:145 - HHH000400: Using dialect: org.hibernate.dialect.MySQLInnoDBDialect
15:18:59,562  INFO TransactionFactoryInitiator:62 - HHH000399: Using default transaction strategy (direct JDBC transactions)
15:18:59,567  INFO ASTQueryTranslatorFactory:47 - HHH000397: Using ASTQueryTranslatorFactory
15:18:59,588 TRACE TypeFactory:72 - Scoping types to session factory org.hibernate.internal.SessionFactoryImpl@41294f8
15:19:00,100  WARN SessionFactoryRegistry:116 - HHH000277: Could not bind factory to JNDI
org.hibernate.engine.jndi.JndiException: Error parsing JNDI name []
	at org.hibernate.engine.jndi.internal.JndiServiceImpl.parseName(JndiServiceImpl.java:141)
	at org.hibernate.engine.jndi.internal.JndiServiceImpl.bind(JndiServiceImpl.java:157)
	at org.hibernate.internal.SessionFactoryRegistry.addSessionFactory(SessionFactoryRegistry.java:103)
	at org.hibernate.internal.SessionFactoryImpl.<init>(SessionFactoryImpl.java:497)
	at org.hibernate.cfg.Configuration.buildSessionFactory(Configuration.java:1859)
	at com.softserve.edu.library2.dao.util.HibernateUtil.buildSessionFactory(HibernateUtil.java:33)
	at com.softserve.edu.library2.dao.util.HibernateUtil.<clinit>(HibernateUtil.java:22)
	at com.softserve.edu.library2.dao.impl.BookCopyDAOImplTest.init(BookCopyDAOImplTest.java:38)
	at sun.reflect.NativeMethodAccessorImpl.invoke0(Native Method)
	at sun.reflect.NativeMethodAccessorImpl.invoke(NativeMethodAccessorImpl.java:62)
	at sun.reflect.DelegatingMethodAccessorImpl.invoke(DelegatingMethodAccessorImpl.java:43)
	at java.lang.reflect.Method.invoke(Method.java:497)
	at org.junit.runners.model.FrameworkMethod$1.runReflectiveCall(FrameworkMethod.java:50)
	at org.junit.internal.runners.model.ReflectiveCallable.run(ReflectiveCallable.java:12)
	at org.junit.runners.model.FrameworkMethod.invokeExplosively(FrameworkMethod.java:47)
	at org.junit.internal.runners.statements.RunBefores.evaluate(RunBefores.java:24)
	at org.junit.runners.ParentRunner.runLeaf(ParentRunner.java:325)
	at org.junit.runners.BlockJUnit4ClassRunner.runChild(BlockJUnit4ClassRunner.java:78)
	at org.junit.runners.BlockJUnit4ClassRunner.runChild(BlockJUnit4ClassRunner.java:57)
	at org.junit.runners.ParentRunner$3.run(ParentRunner.java:290)
	at org.junit.runners.ParentRunner$1.schedule(ParentRunner.java:71)
	at org.junit.runners.ParentRunner.runChildren(ParentRunner.java:288)
	at org.junit.runners.ParentRunner.access$000(ParentRunner.java:58)
	at org.junit.runners.ParentRunner$2.evaluate(ParentRunner.java:268)
	at org.junit.runners.ParentRunner.run(ParentRunner.java:363)
	at org.junit.runner.JUnitCore.run(JUnitCore.java:137)
	at com.intellij.junit4.JUnit4IdeaTestRunner.startRunnerWithArgs(JUnit4IdeaTestRunner.java:78)
	at com.intellij.rt.execution.junit.JUnitStarter.prepareStreamsAndStart(JUnitStarter.java:212)
	at com.intellij.rt.execution.junit.JUnitStarter.main(JUnitStarter.java:68)
	at sun.reflect.NativeMethodAccessorImpl.invoke0(Native Method)
	at sun.reflect.NativeMethodAccessorImpl.invoke(NativeMethodAccessorImpl.java:62)
	at sun.reflect.DelegatingMethodAccessorImpl.invoke(DelegatingMethodAccessorImpl.java:43)
	at java.lang.reflect.Method.invoke(Method.java:497)
	at com.intellij.rt.execution.application.AppMain.main(AppMain.java:140)
Caused by: javax.naming.NoInitialContextException: Need to specify class name in environment or system property, or as an applet parameter, or in an application resource file:  java.naming.factory.initial
	at javax.naming.spi.NamingManager.getInitialContext(NamingManager.java:662)
	at javax.naming.InitialContext.getDefaultInitCtx(InitialContext.java:313)
	at javax.naming.InitialContext.getURLOrDefaultInitCtx(InitialContext.java:350)
	at javax.naming.InitialContext.getNameParser(InitialContext.java:505)
	at org.hibernate.engine.jndi.internal.JndiServiceImpl.parseName(JndiServiceImpl.java:135)
	... 33 more
15:19:00,311 TRACE BasicBinder:81 - binding parameter [1] as [BIGINT] - [1234567891123]
15:19:00,343  WARN UnresolvedEntityInsertActions:162 - HHH000437: Attempting to save one or more entities that have a non-nullable association with an unsaved transient entity. The unsaved transient entity must be saved in an operation prior to saving these dependent entities.
	Unsaved transient entity: ([com.softserve.edu.library2.dao.entities.Book#1234567891123])
	Dependent entities: ([[com.softserve.edu.library2.dao.entities.BookCopy#<null>]])
	Non-nullable association(s): ([com.softserve.edu.library2.dao.entities.BookCopy.book])
15:22:34,925 DEBUG BasicTypeRegistry:146 - Adding type registration boolean -> org.hibernate.type.BooleanType@4e41089d
15:22:34,931 DEBUG BasicTypeRegistry:146 - Adding type registration boolean -> org.hibernate.type.BooleanType@4e41089d
15:22:34,933 DEBUG BasicTypeRegistry:146 - Adding type registration java.lang.Boolean -> org.hibernate.type.BooleanType@4e41089d
15:22:34,940 DEBUG BasicTypeRegistry:146 - Adding type registration numeric_boolean -> org.hibernate.type.NumericBooleanType@76329302
15:22:34,944 DEBUG BasicTypeRegistry:146 - Adding type registration true_false -> org.hibernate.type.TrueFalseType@31206beb
15:22:34,946 DEBUG BasicTypeRegistry:146 - Adding type registration yes_no -> org.hibernate.type.YesNoType@23bb8443
15:22:34,955 DEBUG BasicTypeRegistry:146 - Adding type registration byte -> org.hibernate.type.ByteType@37574691
15:22:34,956 DEBUG BasicTypeRegistry:146 - Adding type registration byte -> org.hibernate.type.ByteType@37574691
15:22:34,957 DEBUG BasicTypeRegistry:146 - Adding type registration java.lang.Byte -> org.hibernate.type.ByteType@37574691
15:22:34,960 DEBUG BasicTypeRegistry:146 - Adding type registration character -> org.hibernate.type.CharacterType@1445d7f
15:22:34,961 DEBUG BasicTypeRegistry:146 - Adding type registration char -> org.hibernate.type.CharacterType@1445d7f
15:22:34,962 DEBUG BasicTypeRegistry:146 - Adding type registration java.lang.Character -> org.hibernate.type.CharacterType@1445d7f
15:22:34,966 DEBUG BasicTypeRegistry:146 - Adding type registration short -> org.hibernate.type.ShortType@16267862
15:22:34,967 DEBUG BasicTypeRegistry:146 - Adding type registration short -> org.hibernate.type.ShortType@16267862
15:22:34,967 DEBUG BasicTypeRegistry:146 - Adding type registration java.lang.Short -> org.hibernate.type.ShortType@16267862
15:22:34,970 DEBUG BasicTypeRegistry:146 - Adding type registration integer -> org.hibernate.type.IntegerType@49e202ad
15:22:34,973 DEBUG BasicTypeRegistry:146 - Adding type registration int -> org.hibernate.type.IntegerType@49e202ad
15:22:34,974 DEBUG BasicTypeRegistry:146 - Adding type registration java.lang.Integer -> org.hibernate.type.IntegerType@49e202ad
15:22:34,978 DEBUG BasicTypeRegistry:146 - Adding type registration long -> org.hibernate.type.LongType@28c4711c
15:22:34,979 DEBUG BasicTypeRegistry:146 - Adding type registration long -> org.hibernate.type.LongType@28c4711c
15:22:34,979 DEBUG BasicTypeRegistry:146 - Adding type registration java.lang.Long -> org.hibernate.type.LongType@28c4711c
15:22:34,983 DEBUG BasicTypeRegistry:146 - Adding type registration float -> org.hibernate.type.FloatType@797badd3
15:22:34,984 DEBUG BasicTypeRegistry:146 - Adding type registration float -> org.hibernate.type.FloatType@797badd3
15:22:34,985 DEBUG BasicTypeRegistry:146 - Adding type registration java.lang.Float -> org.hibernate.type.FloatType@797badd3
15:22:34,988 DEBUG BasicTypeRegistry:146 - Adding type registration double -> org.hibernate.type.DoubleType@dd3b207
15:22:34,989 DEBUG BasicTypeRegistry:146 - Adding type registration double -> org.hibernate.type.DoubleType@dd3b207
15:22:34,990 DEBUG BasicTypeRegistry:146 - Adding type registration java.lang.Double -> org.hibernate.type.DoubleType@dd3b207
15:22:34,993 DEBUG BasicTypeRegistry:146 - Adding type registration big_decimal -> org.hibernate.type.BigDecimalType@709ba3fb
15:22:34,994 DEBUG BasicTypeRegistry:146 - Adding type registration java.math.BigDecimal -> org.hibernate.type.BigDecimalType@709ba3fb
15:22:34,997 DEBUG BasicTypeRegistry:146 - Adding type registration big_integer -> org.hibernate.type.BigIntegerType@58c1c010
15:22:34,998 DEBUG BasicTypeRegistry:146 - Adding type registration java.math.BigInteger -> org.hibernate.type.BigIntegerType@58c1c010
15:22:35,000 DEBUG BasicTypeRegistry:146 - Adding type registration string -> org.hibernate.type.StringType@4d339552
15:22:35,001 DEBUG BasicTypeRegistry:146 - Adding type registration java.lang.String -> org.hibernate.type.StringType@4d339552
15:22:35,004 DEBUG BasicTypeRegistry:146 - Adding type registration nstring -> org.hibernate.type.StringNVarcharType@429bd883
15:22:35,007 DEBUG BasicTypeRegistry:146 - Adding type registration ncharacter -> org.hibernate.type.CharacterNCharType@4461c7e3
15:22:35,009 DEBUG BasicTypeRegistry:146 - Adding type registration url -> org.hibernate.type.UrlType@226a82c4
15:22:35,011 DEBUG BasicTypeRegistry:146 - Adding type registration java.net.URL -> org.hibernate.type.UrlType@226a82c4
15:22:35,017 DEBUG BasicTypeRegistry:146 - Adding type registration date -> org.hibernate.type.DateType@491666ad
15:22:35,027 DEBUG BasicTypeRegistry:146 - Adding type registration java.sql.Date -> org.hibernate.type.DateType@491666ad
15:22:35,032 DEBUG BasicTypeRegistry:146 - Adding type registration time -> org.hibernate.type.TimeType@18a70f16
15:22:35,053 DEBUG BasicTypeRegistry:146 - Adding type registration java.sql.Time -> org.hibernate.type.TimeType@18a70f16
15:22:35,064 DEBUG BasicTypeRegistry:146 - Adding type registration timestamp -> org.hibernate.type.TimestampType@7bb58ca3
15:22:35,065 DEBUG BasicTypeRegistry:146 - Adding type registration java.sql.Timestamp -> org.hibernate.type.TimestampType@7bb58ca3
15:22:35,067 DEBUG BasicTypeRegistry:146 - Adding type registration java.util.Date -> org.hibernate.type.TimestampType@7bb58ca3
15:22:35,071 DEBUG BasicTypeRegistry:146 - Adding type registration dbtimestamp -> org.hibernate.type.DbTimestampType@1a052a00
15:22:35,074 DEBUG BasicTypeRegistry:146 - Adding type registration calendar -> org.hibernate.type.CalendarType@7f77e91b
15:22:35,077 DEBUG BasicTypeRegistry:146 - Adding type registration java.util.Calendar -> org.hibernate.type.CalendarType@7f77e91b
15:22:35,078 DEBUG BasicTypeRegistry:146 - Adding type registration java.util.GregorianCalendar -> org.hibernate.type.CalendarType@7f77e91b
15:22:35,080 DEBUG BasicTypeRegistry:146 - Adding type registration calendar_date -> org.hibernate.type.CalendarDateType@2357d90a
15:22:35,084 DEBUG BasicTypeRegistry:146 - Adding type registration locale -> org.hibernate.type.LocaleType@4c40b76e
15:22:35,085 DEBUG BasicTypeRegistry:146 - Adding type registration java.util.Locale -> org.hibernate.type.LocaleType@4c40b76e
15:22:35,089 DEBUG BasicTypeRegistry:146 - Adding type registration currency -> org.hibernate.type.CurrencyType@36f0f1be
15:22:35,098 DEBUG BasicTypeRegistry:146 - Adding type registration java.util.Currency -> org.hibernate.type.CurrencyType@36f0f1be
15:22:35,101 DEBUG BasicTypeRegistry:146 - Adding type registration timezone -> org.hibernate.type.TimeZoneType@275710fc
15:22:35,102 DEBUG BasicTypeRegistry:146 - Adding type registration java.util.TimeZone -> org.hibernate.type.TimeZoneType@275710fc
15:22:35,104 DEBUG BasicTypeRegistry:146 - Adding type registration class -> org.hibernate.type.ClassType@67e2d983
15:22:35,105 DEBUG BasicTypeRegistry:146 - Adding type registration java.lang.Class -> org.hibernate.type.ClassType@67e2d983
15:22:35,109 DEBUG BasicTypeRegistry:146 - Adding type registration uuid-binary -> org.hibernate.type.UUIDBinaryType@4c6e276e
15:22:35,119 DEBUG BasicTypeRegistry:146 - Adding type registration java.util.UUID -> org.hibernate.type.UUIDBinaryType@4c6e276e
15:22:35,120 DEBUG BasicTypeRegistry:146 - Adding type registration uuid-char -> org.hibernate.type.UUIDCharType@35083305
15:22:35,123 DEBUG BasicTypeRegistry:146 - Adding type registration pg-uuid -> org.hibernate.type.PostgresUUIDType@2890c451
15:22:35,128 DEBUG BasicTypeRegistry:146 - Adding type registration binary -> org.hibernate.type.BinaryType@482cd91f
15:22:35,129 DEBUG BasicTypeRegistry:146 - Adding type registration byte[] -> org.hibernate.type.BinaryType@482cd91f
15:22:35,131 DEBUG BasicTypeRegistry:146 - Adding type registration [B -> org.hibernate.type.BinaryType@482cd91f
15:22:35,150 DEBUG BasicTypeRegistry:146 - Adding type registration wrapper-binary -> org.hibernate.type.WrapperBinaryType@25b485ba
15:22:35,154 DEBUG BasicTypeRegistry:146 - Adding type registration Byte[] -> org.hibernate.type.WrapperBinaryType@25b485ba
15:22:35,158 DEBUG BasicTypeRegistry:146 - Adding type registration [Ljava.lang.Byte; -> org.hibernate.type.WrapperBinaryType@25b485ba
15:22:35,162 DEBUG BasicTypeRegistry:146 - Adding type registration image -> org.hibernate.type.ImageType@2893de87
15:22:35,167 DEBUG BasicTypeRegistry:146 - Adding type registration characters -> org.hibernate.type.CharArrayType@25a65b77
15:22:35,168 DEBUG BasicTypeRegistry:146 - Adding type registration char[] -> org.hibernate.type.CharArrayType@25a65b77
15:22:35,171 DEBUG BasicTypeRegistry:146 - Adding type registration [C -> org.hibernate.type.CharArrayType@25a65b77
15:22:35,176 DEBUG BasicTypeRegistry:146 - Adding type registration wrapper-characters -> org.hibernate.type.CharacterArrayType@548a102f
15:22:35,176 DEBUG BasicTypeRegistry:146 - Adding type registration [Ljava.lang.Character; -> org.hibernate.type.CharacterArrayType@548a102f
15:22:35,180 DEBUG BasicTypeRegistry:146 - Adding type registration Character[] -> org.hibernate.type.CharacterArrayType@548a102f
15:22:35,185 DEBUG BasicTypeRegistry:146 - Adding type registration text -> org.hibernate.type.TextType@1d548a08
15:22:35,188 DEBUG BasicTypeRegistry:146 - Adding type registration ntext -> org.hibernate.type.NTextType@161b062a
15:22:35,210 DEBUG BasicTypeRegistry:146 - Adding type registration blob -> org.hibernate.type.BlobType@657c8ad9
15:22:35,211 DEBUG BasicTypeRegistry:146 - Adding type registration java.sql.Blob -> org.hibernate.type.BlobType@657c8ad9
15:22:35,213 DEBUG BasicTypeRegistry:146 - Adding type registration materialized_blob -> org.hibernate.type.MaterializedBlobType@3a079870
15:22:35,236 DEBUG BasicTypeRegistry:146 - Adding type registration clob -> org.hibernate.type.ClobType@fdefd3f
15:22:35,237 DEBUG BasicTypeRegistry:146 - Adding type registration java.sql.Clob -> org.hibernate.type.ClobType@fdefd3f
15:22:35,257 DEBUG BasicTypeRegistry:146 - Adding type registration nclob -> org.hibernate.type.NClobType@290d210d
15:22:35,258 DEBUG BasicTypeRegistry:146 - Adding type registration java.sql.NClob -> org.hibernate.type.NClobType@290d210d
15:22:35,259 DEBUG BasicTypeRegistry:146 - Adding type registration materialized_clob -> org.hibernate.type.MaterializedClobType@10db82ae
15:22:35,261 DEBUG BasicTypeRegistry:146 - Adding type registration materialized_nclob -> org.hibernate.type.MaterializedNClobType@6b4a4e18
15:22:35,264 DEBUG BasicTypeRegistry:146 - Adding type registration serializable -> org.hibernate.type.SerializableType@1df82230
15:22:35,278 DEBUG BasicTypeRegistry:146 - Adding type registration object -> org.hibernate.type.ObjectType@23f7d05d
15:22:35,279 DEBUG BasicTypeRegistry:146 - Adding type registration java.lang.Object -> org.hibernate.type.ObjectType@23f7d05d
15:22:35,280 DEBUG BasicTypeRegistry:146 - Adding type registration imm_date -> org.hibernate.type.AdaptedImmutableType@1d082e88
15:22:35,287 DEBUG BasicTypeRegistry:146 - Adding type registration imm_time -> org.hibernate.type.AdaptedImmutableType@60704c
15:22:35,287 DEBUG BasicTypeRegistry:146 - Adding type registration imm_timestamp -> org.hibernate.type.AdaptedImmutableType@6b19b79
15:22:35,288 DEBUG BasicTypeRegistry:146 - Adding type registration imm_dbtimestamp -> org.hibernate.type.AdaptedImmutableType@2a32de6c
15:22:35,292 DEBUG BasicTypeRegistry:146 - Adding type registration imm_calendar -> org.hibernate.type.AdaptedImmutableType@7692d9cc
15:22:35,293 DEBUG BasicTypeRegistry:146 - Adding type registration imm_calendar_date -> org.hibernate.type.AdaptedImmutableType@75f32542
15:22:35,294 DEBUG BasicTypeRegistry:146 - Adding type registration imm_binary -> org.hibernate.type.AdaptedImmutableType@7f1302d6
15:22:35,294 DEBUG BasicTypeRegistry:146 - Adding type registration imm_serializable -> org.hibernate.type.AdaptedImmutableType@43ee72e6
15:22:35,394  INFO Version:66 - HCANN000001: Hibernate Commons Annotations {4.0.5.Final}
15:22:35,419  INFO Version:54 - HHH000412: Hibernate Core {4.3.11.Final}
15:22:35,423  INFO Environment:239 - HHH000206: hibernate.properties not found
15:22:35,429  INFO Environment:346 - HHH000021: Bytecode provider name : javassist
15:22:35,484  INFO Configuration:2075 - HHH000043: Configuring from resource: /hibernate.cfg.xml
15:22:35,485  INFO Configuration:2094 - HHH000040: Configuration resource: /hibernate.cfg.xml
15:22:36,367  INFO Configuration:2216 - HHH000041: Configured SessionFactory: 
15:22:36,513  WARN DriverManagerConnectionProviderImpl:93 - HHH000402: Using Hibernate built-in connection pool (not for production use!)
15:22:36,524  INFO DriverManagerConnectionProviderImpl:166 - HHH000401: using driver [com.mysql.jdbc.Driver] at URL [jdbc:mysql://localhost:3306/library]
15:22:36,533  INFO DriverManagerConnectionProviderImpl:175 - HHH000046: Connection properties: {user=root, password=****}
15:22:36,534  INFO DriverManagerConnectionProviderImpl:180 - HHH000006: Autocommit mode: false
15:22:36,536  INFO DriverManagerConnectionProviderImpl:102 - HHH000115: Hibernate connection pool size: 20 (min=1)
15:22:37,048  INFO Dialect:145 - HHH000400: Using dialect: org.hibernate.dialect.MySQLInnoDBDialect
15:22:37,337  INFO TransactionFactoryInitiator:62 - HHH000399: Using default transaction strategy (direct JDBC transactions)
15:22:37,344  INFO ASTQueryTranslatorFactory:47 - HHH000397: Using ASTQueryTranslatorFactory
15:22:37,378 TRACE TypeFactory:72 - Scoping types to session factory org.hibernate.internal.SessionFactoryImpl@7fcf2fc1
15:22:37,910  WARN SessionFactoryRegistry:116 - HHH000277: Could not bind factory to JNDI
org.hibernate.engine.jndi.JndiException: Error parsing JNDI name []
	at org.hibernate.engine.jndi.internal.JndiServiceImpl.parseName(JndiServiceImpl.java:141)
	at org.hibernate.engine.jndi.internal.JndiServiceImpl.bind(JndiServiceImpl.java:157)
	at org.hibernate.internal.SessionFactoryRegistry.addSessionFactory(SessionFactoryRegistry.java:103)
	at org.hibernate.internal.SessionFactoryImpl.<init>(SessionFactoryImpl.java:497)
	at org.hibernate.cfg.Configuration.buildSessionFactory(Configuration.java:1859)
	at com.softserve.edu.library2.dao.util.HibernateUtil.buildSessionFactory(HibernateUtil.java:33)
	at com.softserve.edu.library2.dao.util.HibernateUtil.<clinit>(HibernateUtil.java:22)
	at com.softserve.edu.library2.dao.impl.BookCopyDAOImplTest.init(BookCopyDAOImplTest.java:39)
	at sun.reflect.NativeMethodAccessorImpl.invoke0(Native Method)
	at sun.reflect.NativeMethodAccessorImpl.invoke(NativeMethodAccessorImpl.java:62)
	at sun.reflect.DelegatingMethodAccessorImpl.invoke(DelegatingMethodAccessorImpl.java:43)
	at java.lang.reflect.Method.invoke(Method.java:497)
	at org.junit.runners.model.FrameworkMethod$1.runReflectiveCall(FrameworkMethod.java:50)
	at org.junit.internal.runners.model.ReflectiveCallable.run(ReflectiveCallable.java:12)
	at org.junit.runners.model.FrameworkMethod.invokeExplosively(FrameworkMethod.java:47)
	at org.junit.internal.runners.statements.RunBefores.evaluate(RunBefores.java:24)
	at org.junit.runners.ParentRunner.runLeaf(ParentRunner.java:325)
	at org.junit.runners.BlockJUnit4ClassRunner.runChild(BlockJUnit4ClassRunner.java:78)
	at org.junit.runners.BlockJUnit4ClassRunner.runChild(BlockJUnit4ClassRunner.java:57)
	at org.junit.runners.ParentRunner$3.run(ParentRunner.java:290)
	at org.junit.runners.ParentRunner$1.schedule(ParentRunner.java:71)
	at org.junit.runners.ParentRunner.runChildren(ParentRunner.java:288)
	at org.junit.runners.ParentRunner.access$000(ParentRunner.java:58)
	at org.junit.runners.ParentRunner$2.evaluate(ParentRunner.java:268)
	at org.junit.runners.ParentRunner.run(ParentRunner.java:363)
	at org.junit.runner.JUnitCore.run(JUnitCore.java:137)
	at com.intellij.junit4.JUnit4IdeaTestRunner.startRunnerWithArgs(JUnit4IdeaTestRunner.java:78)
	at com.intellij.rt.execution.junit.JUnitStarter.prepareStreamsAndStart(JUnitStarter.java:212)
	at com.intellij.rt.execution.junit.JUnitStarter.main(JUnitStarter.java:68)
	at sun.reflect.NativeMethodAccessorImpl.invoke0(Native Method)
	at sun.reflect.NativeMethodAccessorImpl.invoke(NativeMethodAccessorImpl.java:62)
	at sun.reflect.DelegatingMethodAccessorImpl.invoke(DelegatingMethodAccessorImpl.java:43)
	at java.lang.reflect.Method.invoke(Method.java:497)
	at com.intellij.rt.execution.application.AppMain.main(AppMain.java:140)
Caused by: javax.naming.NoInitialContextException: Need to specify class name in environment or system property, or as an applet parameter, or in an application resource file:  java.naming.factory.initial
	at javax.naming.spi.NamingManager.getInitialContext(NamingManager.java:662)
	at javax.naming.InitialContext.getDefaultInitCtx(InitialContext.java:313)
	at javax.naming.InitialContext.getURLOrDefaultInitCtx(InitialContext.java:350)
	at javax.naming.InitialContext.getNameParser(InitialContext.java:505)
	at org.hibernate.engine.jndi.internal.JndiServiceImpl.parseName(JndiServiceImpl.java:135)
	... 33 more
15:22:38,080 TRACE BasicBinder:81 - binding parameter [1] as [BIGINT] - [1234567891123]
15:22:38,151 TRACE BasicBinder:69 - binding parameter [1] as [INTEGER] - [null]
15:22:38,152 TRACE BasicBinder:81 - binding parameter [2] as [INTEGER] - [3]
15:22:38,154 TRACE BasicBinder:81 - binding parameter [3] as [VARCHAR] - [Hibernate 4 dummies]
15:22:38,155 TRACE BasicBinder:69 - binding parameter [4] as [INTEGER] - [null]
15:22:38,156 TRACE BasicBinder:69 - binding parameter [5] as [VARCHAR] - [null]
15:22:38,157 TRACE BasicBinder:69 - binding parameter [6] as [DATE] - [null]
15:22:38,158 TRACE BasicBinder:81 - binding parameter [7] as [BIGINT] - [1234567891123]
15:22:38,326 TRACE BasicBinder:81 - binding parameter [1] as [BIGINT] - [1234567891123]
15:22:38,359 TRACE BasicBinder:81 - binding parameter [2] as [TIMESTAMP] - [Fri Aug 21 15:22:34 EEST 2015]
15:22:38,360 TRACE BasicBinder:81 - binding parameter [3] as [CHAR] - [Y]
15:22:38,361 TRACE BasicBinder:81 - binding parameter [4] as [TIMESTAMP] - [Fri Aug 21 15:22:34 EEST 2015]
15:22:38,706 TRACE BasicBinder:81 - binding parameter [1] as [BIGINT] - [0]
15:22:38,712 TRACE BasicBinder:81 - binding parameter [1] as [BIGINT] - [0]
15:22:38,719 TRACE BasicBinder:81 - binding parameter [1] as [BIGINT] - [1234567891123]
15:22:38,735 TRACE BasicExtractor:68 - extracted value ([author_i7_2_] : [INTEGER]) - [null]
15:22:38,735 TRACE BasicExtractor:78 - extracted value ([book_cop2_2_] : [INTEGER]) - [3]
15:22:38,737 TRACE BasicExtractor:78 - extracted value ([name3_2_] : [VARCHAR]) - [Hibernate 4 dummies]
15:22:38,738 TRACE BasicExtractor:68 - extracted value ([page_cou4_2_] : [INTEGER]) - [null]
15:22:38,738 TRACE BasicExtractor:68 - extracted value ([publicat5_2_] : [VARCHAR]) - [null]
15:22:38,739 TRACE BasicExtractor:68 - extracted value ([year6_2_] : [DATE]) - [null]
15:22:38,745 TRACE BasicBinder:81 - binding parameter [1] as [BIGINT] - [1234567891123]
15:22:38,745 TRACE BasicBinder:81 - binding parameter [2] as [TIMESTAMP] - [Fri Aug 21 15:22:34 EEST 2015]
15:22:38,746 TRACE BasicBinder:81 - binding parameter [3] as [CHAR] - [Y]
15:22:38,747 TRACE BasicBinder:81 - binding parameter [4] as [TIMESTAMP] - [Fri Aug 21 15:22:34 EEST 2015]
15:22:38,840 TRACE BasicBinder:81 - binding parameter [1] as [BIGINT] - [0]
15:22:38,844 TRACE BasicBinder:81 - binding parameter [1] as [BIGINT] - [0]
15:22:38,850 TRACE BasicBinder:81 - binding parameter [1] as [BIGINT] - [1234567891123]
15:22:38,852 TRACE BasicExtractor:68 - extracted value ([author_i7_2_] : [INTEGER]) - [null]
15:22:38,853 TRACE BasicExtractor:78 - extracted value ([book_cop2_2_] : [INTEGER]) - [3]
15:22:38,854 TRACE BasicExtractor:78 - extracted value ([name3_2_] : [VARCHAR]) - [Hibernate 4 dummies]
15:22:38,855 TRACE BasicExtractor:68 - extracted value ([page_cou4_2_] : [INTEGER]) - [null]
15:22:38,856 TRACE BasicExtractor:68 - extracted value ([publicat5_2_] : [VARCHAR]) - [null]
15:22:38,856 TRACE BasicExtractor:68 - extracted value ([year6_2_] : [DATE]) - [null]
15:22:38,859 TRACE BasicBinder:81 - binding parameter [1] as [BIGINT] - [1234567891123]
15:22:38,859 TRACE BasicBinder:81 - binding parameter [2] as [TIMESTAMP] - [Fri Aug 21 15:22:34 EEST 2015]
15:22:38,860 TRACE BasicBinder:81 - binding parameter [3] as [CHAR] - [Y]
15:22:38,861 TRACE BasicBinder:81 - binding parameter [4] as [TIMESTAMP] - [Fri Aug 21 15:22:34 EEST 2015]
15:22:39,095 TRACE BasicBinder:81 - binding parameter [1] as [VARCHAR] - [name]
15:22:39,116 TRACE BasicBinder:81 - binding parameter [1] as [VARCHAR] - [name]
15:22:39,120 TRACE BasicBinder:81 - binding parameter [1] as [VARCHAR] - [Hibernate 4 dummies]
15:22:39,122 TRACE BasicExtractor:78 - extracted value ([book_cop1_3_] : [INTEGER]) - [7]
15:22:39,126 TRACE BasicExtractor:78 - extracted value ([isbn5_3_] : [BIGINT]) - [1234567891123]
15:22:39,128 TRACE BasicExtractor:78 - extracted value ([borrowin2_3_] : [TIMESTAMP]) - [2015-08-21 15:22:35.0]
15:22:39,128 TRACE BasicExtractor:78 - extracted value ([is_prese3_3_] : [CHAR]) - [Y]
15:22:39,129 TRACE BasicExtractor:78 - extracted value ([returnin4_3_] : [TIMESTAMP]) - [2015-08-21 15:22:35.0]
15:22:39,130 TRACE BasicExtractor:78 - extracted value ([book_cop1_3_] : [INTEGER]) - [8]
15:22:39,131 TRACE BasicExtractor:78 - extracted value ([isbn5_3_] : [BIGINT]) - [1234567891123]
15:22:39,132 TRACE BasicExtractor:78 - extracted value ([borrowin2_3_] : [TIMESTAMP]) - [2015-08-21 15:22:35.0]
15:22:39,132 TRACE BasicExtractor:78 - extracted value ([is_prese3_3_] : [CHAR]) - [Y]
15:22:39,133 TRACE BasicExtractor:78 - extracted value ([returnin4_3_] : [TIMESTAMP]) - [2015-08-21 15:22:35.0]
15:22:39,134 TRACE BasicExtractor:78 - extracted value ([book_cop1_3_] : [INTEGER]) - [9]
15:22:39,134 TRACE BasicExtractor:78 - extracted value ([isbn5_3_] : [BIGINT]) - [1234567891123]
15:22:39,135 TRACE BasicExtractor:78 - extracted value ([borrowin2_3_] : [TIMESTAMP]) - [2015-08-21 15:22:35.0]
15:22:39,135 TRACE BasicExtractor:78 - extracted value ([is_prese3_3_] : [CHAR]) - [Y]
15:22:39,136 TRACE BasicExtractor:78 - extracted value ([returnin4_3_] : [TIMESTAMP]) - [2015-08-21 15:22:35.0]
15:22:39,144 TRACE CollectionType:783 - Created collection wrapper: [com.softserve.edu.library2.dao.entities.BookCopy.bookCopyReaders#7]
15:22:39,145 TRACE CollectionType:783 - Created collection wrapper: [com.softserve.edu.library2.dao.entities.BookCopy.bookCopyReaders#8]
15:22:39,146 TRACE CollectionType:783 - Created collection wrapper: [com.softserve.edu.library2.dao.entities.BookCopy.bookCopyReaders#9]
15:36:04,624 DEBUG BasicTypeRegistry:146 - Adding type registration boolean -> org.hibernate.type.BooleanType@33cb5951
15:36:04,631 DEBUG BasicTypeRegistry:146 - Adding type registration boolean -> org.hibernate.type.BooleanType@33cb5951
15:36:04,632 DEBUG BasicTypeRegistry:146 - Adding type registration java.lang.Boolean -> org.hibernate.type.BooleanType@33cb5951
15:36:04,634 DEBUG BasicTypeRegistry:146 - Adding type registration numeric_boolean -> org.hibernate.type.NumericBooleanType@4df828d7
15:36:04,637 DEBUG BasicTypeRegistry:146 - Adding type registration true_false -> org.hibernate.type.TrueFalseType@3ffcd140
15:36:04,639 DEBUG BasicTypeRegistry:146 - Adding type registration yes_no -> org.hibernate.type.YesNoType@120d6fe6
15:36:04,642 DEBUG BasicTypeRegistry:146 - Adding type registration byte -> org.hibernate.type.ByteType@21a947fe
15:36:04,643 DEBUG BasicTypeRegistry:146 - Adding type registration byte -> org.hibernate.type.ByteType@21a947fe
15:36:04,644 DEBUG BasicTypeRegistry:146 - Adding type registration java.lang.Byte -> org.hibernate.type.ByteType@21a947fe
15:36:04,647 DEBUG BasicTypeRegistry:146 - Adding type registration character -> org.hibernate.type.CharacterType@6c3f5566
15:36:04,648 DEBUG BasicTypeRegistry:146 - Adding type registration char -> org.hibernate.type.CharacterType@6c3f5566
15:36:04,649 DEBUG BasicTypeRegistry:146 - Adding type registration java.lang.Character -> org.hibernate.type.CharacterType@6c3f5566
15:36:04,657 DEBUG BasicTypeRegistry:146 - Adding type registration short -> org.hibernate.type.ShortType@71248c21
15:36:04,658 DEBUG BasicTypeRegistry:146 - Adding type registration short -> org.hibernate.type.ShortType@71248c21
15:36:04,660 DEBUG BasicTypeRegistry:146 - Adding type registration java.lang.Short -> org.hibernate.type.ShortType@71248c21
15:36:04,664 DEBUG BasicTypeRegistry:146 - Adding type registration integer -> org.hibernate.type.IntegerType@6b0c2d26
15:36:04,667 DEBUG BasicTypeRegistry:146 - Adding type registration int -> org.hibernate.type.IntegerType@6b0c2d26
15:36:04,670 DEBUG BasicTypeRegistry:146 - Adding type registration java.lang.Integer -> org.hibernate.type.IntegerType@6b0c2d26
15:36:04,674 DEBUG BasicTypeRegistry:146 - Adding type registration long -> org.hibernate.type.LongType@146044d7
15:36:04,675 DEBUG BasicTypeRegistry:146 - Adding type registration long -> org.hibernate.type.LongType@146044d7
15:36:04,677 DEBUG BasicTypeRegistry:146 - Adding type registration java.lang.Long -> org.hibernate.type.LongType@146044d7
15:36:04,683 DEBUG BasicTypeRegistry:146 - Adding type registration float -> org.hibernate.type.FloatType@19dc67c2
15:36:04,683 DEBUG BasicTypeRegistry:146 - Adding type registration float -> org.hibernate.type.FloatType@19dc67c2
15:36:04,684 DEBUG BasicTypeRegistry:146 - Adding type registration java.lang.Float -> org.hibernate.type.FloatType@19dc67c2
15:36:04,687 DEBUG BasicTypeRegistry:146 - Adding type registration double -> org.hibernate.type.DoubleType@58fdd99
15:36:04,687 DEBUG BasicTypeRegistry:146 - Adding type registration double -> org.hibernate.type.DoubleType@58fdd99
15:36:04,688 DEBUG BasicTypeRegistry:146 - Adding type registration java.lang.Double -> org.hibernate.type.DoubleType@58fdd99
15:36:04,691 DEBUG BasicTypeRegistry:146 - Adding type registration big_decimal -> org.hibernate.type.BigDecimalType@6a472554
15:36:04,692 DEBUG BasicTypeRegistry:146 - Adding type registration java.math.BigDecimal -> org.hibernate.type.BigDecimalType@6a472554
15:36:04,694 DEBUG BasicTypeRegistry:146 - Adding type registration big_integer -> org.hibernate.type.BigIntegerType@61d47554
15:36:04,696 DEBUG BasicTypeRegistry:146 - Adding type registration java.math.BigInteger -> org.hibernate.type.BigIntegerType@61d47554
15:36:04,698 DEBUG BasicTypeRegistry:146 - Adding type registration string -> org.hibernate.type.StringType@5a4aa2f2
15:36:04,700 DEBUG BasicTypeRegistry:146 - Adding type registration java.lang.String -> org.hibernate.type.StringType@5a4aa2f2
15:36:04,703 DEBUG BasicTypeRegistry:146 - Adding type registration nstring -> org.hibernate.type.StringNVarcharType@279ad2e3
15:36:04,705 DEBUG BasicTypeRegistry:146 - Adding type registration ncharacter -> org.hibernate.type.CharacterNCharType@77e4c80f
15:36:04,708 DEBUG BasicTypeRegistry:146 - Adding type registration url -> org.hibernate.type.UrlType@255b53dc
15:36:04,709 DEBUG BasicTypeRegistry:146 - Adding type registration java.net.URL -> org.hibernate.type.UrlType@255b53dc
15:36:04,714 DEBUG BasicTypeRegistry:146 - Adding type registration date -> org.hibernate.type.DateType@971d0d8
15:36:04,716 DEBUG BasicTypeRegistry:146 - Adding type registration java.sql.Date -> org.hibernate.type.DateType@971d0d8
15:36:04,725 DEBUG BasicTypeRegistry:146 - Adding type registration time -> org.hibernate.type.TimeType@c8e4bb0
15:36:04,740 DEBUG BasicTypeRegistry:146 - Adding type registration java.sql.Time -> org.hibernate.type.TimeType@c8e4bb0
15:36:04,748 DEBUG BasicTypeRegistry:146 - Adding type registration timestamp -> org.hibernate.type.TimestampType@770c2e6b
15:36:04,748 DEBUG BasicTypeRegistry:146 - Adding type registration java.sql.Timestamp -> org.hibernate.type.TimestampType@770c2e6b
15:36:04,750 DEBUG BasicTypeRegistry:146 - Adding type registration java.util.Date -> org.hibernate.type.TimestampType@770c2e6b
15:36:04,753 DEBUG BasicTypeRegistry:146 - Adding type registration dbtimestamp -> org.hibernate.type.DbTimestampType@61009542
15:36:04,756 DEBUG BasicTypeRegistry:146 - Adding type registration calendar -> org.hibernate.type.CalendarType@7f9fcf7f
15:36:04,768 DEBUG BasicTypeRegistry:146 - Adding type registration java.util.Calendar -> org.hibernate.type.CalendarType@7f9fcf7f
15:36:04,769 DEBUG BasicTypeRegistry:146 - Adding type registration java.util.GregorianCalendar -> org.hibernate.type.CalendarType@7f9fcf7f
15:36:04,770 DEBUG BasicTypeRegistry:146 - Adding type registration calendar_date -> org.hibernate.type.CalendarDateType@145eaa29
15:36:04,773 DEBUG BasicTypeRegistry:146 - Adding type registration locale -> org.hibernate.type.LocaleType@41ee392b
15:36:04,774 DEBUG BasicTypeRegistry:146 - Adding type registration java.util.Locale -> org.hibernate.type.LocaleType@41ee392b
15:36:04,776 DEBUG BasicTypeRegistry:146 - Adding type registration currency -> org.hibernate.type.CurrencyType@6ee12bac
15:36:04,777 DEBUG BasicTypeRegistry:146 - Adding type registration java.util.Currency -> org.hibernate.type.CurrencyType@6ee12bac
15:36:04,780 DEBUG BasicTypeRegistry:146 - Adding type registration timezone -> org.hibernate.type.TimeZoneType@75f9eccc
15:36:04,780 DEBUG BasicTypeRegistry:146 - Adding type registration java.util.TimeZone -> org.hibernate.type.TimeZoneType@75f9eccc
15:36:04,782 DEBUG BasicTypeRegistry:146 - Adding type registration class -> org.hibernate.type.ClassType@5ea434c8
15:36:04,783 DEBUG BasicTypeRegistry:146 - Adding type registration java.lang.Class -> org.hibernate.type.ClassType@5ea434c8
15:36:04,786 DEBUG BasicTypeRegistry:146 - Adding type registration uuid-binary -> org.hibernate.type.UUIDBinaryType@52e677af
15:36:04,787 DEBUG BasicTypeRegistry:146 - Adding type registration java.util.UUID -> org.hibernate.type.UUIDBinaryType@52e677af
15:36:04,789 DEBUG BasicTypeRegistry:146 - Adding type registration uuid-char -> org.hibernate.type.UUIDCharType@341b80b2
15:36:04,791 DEBUG BasicTypeRegistry:146 - Adding type registration pg-uuid -> org.hibernate.type.PostgresUUIDType@1b083826
15:36:04,794 DEBUG BasicTypeRegistry:146 - Adding type registration binary -> org.hibernate.type.BinaryType@7d68ef40
15:36:04,796 DEBUG BasicTypeRegistry:146 - Adding type registration byte[] -> org.hibernate.type.BinaryType@7d68ef40
15:36:04,796 DEBUG BasicTypeRegistry:146 - Adding type registration [B -> org.hibernate.type.BinaryType@7d68ef40
15:36:04,799 DEBUG BasicTypeRegistry:146 - Adding type registration wrapper-binary -> org.hibernate.type.WrapperBinaryType@5d740a0f
15:36:04,800 DEBUG BasicTypeRegistry:146 - Adding type registration Byte[] -> org.hibernate.type.WrapperBinaryType@5d740a0f
15:36:04,801 DEBUG BasicTypeRegistry:146 - Adding type registration [Ljava.lang.Byte; -> org.hibernate.type.WrapperBinaryType@5d740a0f
15:36:04,803 DEBUG BasicTypeRegistry:146 - Adding type registration image -> org.hibernate.type.ImageType@2c34f934
15:36:04,805 DEBUG BasicTypeRegistry:146 - Adding type registration characters -> org.hibernate.type.CharArrayType@212bf671
15:36:04,806 DEBUG BasicTypeRegistry:146 - Adding type registration char[] -> org.hibernate.type.CharArrayType@212bf671
15:36:04,807 DEBUG BasicTypeRegistry:146 - Adding type registration [C -> org.hibernate.type.CharArrayType@212bf671
15:36:04,811 DEBUG BasicTypeRegistry:146 - Adding type registration wrapper-characters -> org.hibernate.type.CharacterArrayType@17c386de
15:36:04,812 DEBUG BasicTypeRegistry:146 - Adding type registration [Ljava.lang.Character; -> org.hibernate.type.CharacterArrayType@17c386de
15:36:04,812 DEBUG BasicTypeRegistry:146 - Adding type registration Character[] -> org.hibernate.type.CharacterArrayType@17c386de
15:36:04,823 DEBUG BasicTypeRegistry:146 - Adding type registration text -> org.hibernate.type.TextType@780cb77
15:36:04,825 DEBUG BasicTypeRegistry:146 - Adding type registration ntext -> org.hibernate.type.NTextType@2d9d4f9d
15:36:04,844 DEBUG BasicTypeRegistry:146 - Adding type registration blob -> org.hibernate.type.BlobType@f2f2cc1
15:36:04,845 DEBUG BasicTypeRegistry:146 - Adding type registration java.sql.Blob -> org.hibernate.type.BlobType@f2f2cc1
15:36:04,847 DEBUG BasicTypeRegistry:146 - Adding type registration materialized_blob -> org.hibernate.type.MaterializedBlobType@2aa5fe93
15:36:04,870 DEBUG BasicTypeRegistry:146 - Adding type registration clob -> org.hibernate.type.ClobType@a4102b8
15:36:04,874 DEBUG BasicTypeRegistry:146 - Adding type registration java.sql.Clob -> org.hibernate.type.ClobType@a4102b8
15:36:04,894 DEBUG BasicTypeRegistry:146 - Adding type registration nclob -> org.hibernate.type.NClobType@78dd667e
15:36:04,895 DEBUG BasicTypeRegistry:146 - Adding type registration java.sql.NClob -> org.hibernate.type.NClobType@78dd667e
15:36:04,896 DEBUG BasicTypeRegistry:146 - Adding type registration materialized_clob -> org.hibernate.type.MaterializedClobType@78b729e6
15:36:04,897 DEBUG BasicTypeRegistry:146 - Adding type registration materialized_nclob -> org.hibernate.type.MaterializedNClobType@197d671
15:36:04,904 DEBUG BasicTypeRegistry:146 - Adding type registration serializable -> org.hibernate.type.SerializableType@13c10b87
15:36:04,918 DEBUG BasicTypeRegistry:146 - Adding type registration object -> org.hibernate.type.ObjectType@7d3a22a9
15:36:04,918 DEBUG BasicTypeRegistry:146 - Adding type registration java.lang.Object -> org.hibernate.type.ObjectType@7d3a22a9
15:36:04,920 DEBUG BasicTypeRegistry:146 - Adding type registration imm_date -> org.hibernate.type.AdaptedImmutableType@6b19b79
15:36:04,921 DEBUG BasicTypeRegistry:146 - Adding type registration imm_time -> org.hibernate.type.AdaptedImmutableType@2a32de6c
15:36:04,922 DEBUG BasicTypeRegistry:146 - Adding type registration imm_timestamp -> org.hibernate.type.AdaptedImmutableType@7692d9cc
15:36:04,922 DEBUG BasicTypeRegistry:146 - Adding type registration imm_dbtimestamp -> org.hibernate.type.AdaptedImmutableType@75f32542
15:36:04,929 DEBUG BasicTypeRegistry:146 - Adding type registration imm_calendar -> org.hibernate.type.AdaptedImmutableType@7f1302d6
15:36:04,930 DEBUG BasicTypeRegistry:146 - Adding type registration imm_calendar_date -> org.hibernate.type.AdaptedImmutableType@43ee72e6
15:36:04,931 DEBUG BasicTypeRegistry:146 - Adding type registration imm_binary -> org.hibernate.type.AdaptedImmutableType@23529fee
15:36:04,931 DEBUG BasicTypeRegistry:146 - Adding type registration imm_serializable -> org.hibernate.type.AdaptedImmutableType@4fe767f3
15:36:04,988  INFO Version:66 - HCANN000001: Hibernate Commons Annotations {4.0.5.Final}
15:36:05,000  INFO Version:54 - HHH000412: Hibernate Core {4.3.11.Final}
15:36:05,004  INFO Environment:239 - HHH000206: hibernate.properties not found
15:36:05,007  INFO Environment:346 - HHH000021: Bytecode provider name : javassist
15:36:05,070  INFO Configuration:2075 - HHH000043: Configuring from resource: /hibernate.cfg.xml
15:36:05,071  INFO Configuration:2094 - HHH000040: Configuration resource: /hibernate.cfg.xml
15:38:00,973 DEBUG BasicTypeRegistry:146 - Adding type registration boolean -> org.hibernate.type.BooleanType@33cb5951
15:38:00,979 DEBUG BasicTypeRegistry:146 - Adding type registration boolean -> org.hibernate.type.BooleanType@33cb5951
15:38:00,981 DEBUG BasicTypeRegistry:146 - Adding type registration java.lang.Boolean -> org.hibernate.type.BooleanType@33cb5951
15:38:00,983 DEBUG BasicTypeRegistry:146 - Adding type registration numeric_boolean -> org.hibernate.type.NumericBooleanType@4df828d7
15:38:00,991 DEBUG BasicTypeRegistry:146 - Adding type registration true_false -> org.hibernate.type.TrueFalseType@3ffcd140
15:38:00,993 DEBUG BasicTypeRegistry:146 - Adding type registration yes_no -> org.hibernate.type.YesNoType@120d6fe6
15:38:00,996 DEBUG BasicTypeRegistry:146 - Adding type registration byte -> org.hibernate.type.ByteType@21a947fe
15:38:00,997 DEBUG BasicTypeRegistry:146 - Adding type registration byte -> org.hibernate.type.ByteType@21a947fe
15:38:00,998 DEBUG BasicTypeRegistry:146 - Adding type registration java.lang.Byte -> org.hibernate.type.ByteType@21a947fe
15:38:01,003 DEBUG BasicTypeRegistry:146 - Adding type registration character -> org.hibernate.type.CharacterType@6c3f5566
15:38:01,004 DEBUG BasicTypeRegistry:146 - Adding type registration char -> org.hibernate.type.CharacterType@6c3f5566
15:38:01,005 DEBUG BasicTypeRegistry:146 - Adding type registration java.lang.Character -> org.hibernate.type.CharacterType@6c3f5566
15:38:01,008 DEBUG BasicTypeRegistry:146 - Adding type registration short -> org.hibernate.type.ShortType@71248c21
15:38:01,009 DEBUG BasicTypeRegistry:146 - Adding type registration short -> org.hibernate.type.ShortType@71248c21
15:38:01,010 DEBUG BasicTypeRegistry:146 - Adding type registration java.lang.Short -> org.hibernate.type.ShortType@71248c21
15:38:01,012 DEBUG BasicTypeRegistry:146 - Adding type registration integer -> org.hibernate.type.IntegerType@6b0c2d26
15:38:01,015 DEBUG BasicTypeRegistry:146 - Adding type registration int -> org.hibernate.type.IntegerType@6b0c2d26
15:38:01,016 DEBUG BasicTypeRegistry:146 - Adding type registration java.lang.Integer -> org.hibernate.type.IntegerType@6b0c2d26
15:38:01,019 DEBUG BasicTypeRegistry:146 - Adding type registration long -> org.hibernate.type.LongType@146044d7
15:38:01,020 DEBUG BasicTypeRegistry:146 - Adding type registration long -> org.hibernate.type.LongType@146044d7
15:38:01,021 DEBUG BasicTypeRegistry:146 - Adding type registration java.lang.Long -> org.hibernate.type.LongType@146044d7
15:38:01,025 DEBUG BasicTypeRegistry:146 - Adding type registration float -> org.hibernate.type.FloatType@19dc67c2
15:38:01,025 DEBUG BasicTypeRegistry:146 - Adding type registration float -> org.hibernate.type.FloatType@19dc67c2
15:38:01,026 DEBUG BasicTypeRegistry:146 - Adding type registration java.lang.Float -> org.hibernate.type.FloatType@19dc67c2
15:38:01,029 DEBUG BasicTypeRegistry:146 - Adding type registration double -> org.hibernate.type.DoubleType@58fdd99
15:38:01,030 DEBUG BasicTypeRegistry:146 - Adding type registration double -> org.hibernate.type.DoubleType@58fdd99
15:38:01,033 DEBUG BasicTypeRegistry:146 - Adding type registration java.lang.Double -> org.hibernate.type.DoubleType@58fdd99
15:38:01,036 DEBUG BasicTypeRegistry:146 - Adding type registration big_decimal -> org.hibernate.type.BigDecimalType@6a472554
15:38:01,039 DEBUG BasicTypeRegistry:146 - Adding type registration java.math.BigDecimal -> org.hibernate.type.BigDecimalType@6a472554
15:38:01,042 DEBUG BasicTypeRegistry:146 - Adding type registration big_integer -> org.hibernate.type.BigIntegerType@61d47554
15:38:01,043 DEBUG BasicTypeRegistry:146 - Adding type registration java.math.BigInteger -> org.hibernate.type.BigIntegerType@61d47554
15:38:01,045 DEBUG BasicTypeRegistry:146 - Adding type registration string -> org.hibernate.type.StringType@5a4aa2f2
15:38:01,048 DEBUG BasicTypeRegistry:146 - Adding type registration java.lang.String -> org.hibernate.type.StringType@5a4aa2f2
15:38:01,052 DEBUG BasicTypeRegistry:146 - Adding type registration nstring -> org.hibernate.type.StringNVarcharType@279ad2e3
15:38:01,055 DEBUG BasicTypeRegistry:146 - Adding type registration ncharacter -> org.hibernate.type.CharacterNCharType@77e4c80f
15:38:01,059 DEBUG BasicTypeRegistry:146 - Adding type registration url -> org.hibernate.type.UrlType@255b53dc
15:38:01,059 DEBUG BasicTypeRegistry:146 - Adding type registration java.net.URL -> org.hibernate.type.UrlType@255b53dc
15:38:01,065 DEBUG BasicTypeRegistry:146 - Adding type registration date -> org.hibernate.type.DateType@971d0d8
15:38:01,072 DEBUG BasicTypeRegistry:146 - Adding type registration java.sql.Date -> org.hibernate.type.DateType@971d0d8
15:38:01,076 DEBUG BasicTypeRegistry:146 - Adding type registration time -> org.hibernate.type.TimeType@c8e4bb0
15:38:01,077 DEBUG BasicTypeRegistry:146 - Adding type registration java.sql.Time -> org.hibernate.type.TimeType@c8e4bb0
15:38:01,080 DEBUG BasicTypeRegistry:146 - Adding type registration timestamp -> org.hibernate.type.TimestampType@770c2e6b
15:38:01,081 DEBUG BasicTypeRegistry:146 - Adding type registration java.sql.Timestamp -> org.hibernate.type.TimestampType@770c2e6b
15:38:01,082 DEBUG BasicTypeRegistry:146 - Adding type registration java.util.Date -> org.hibernate.type.TimestampType@770c2e6b
15:38:01,086 DEBUG BasicTypeRegistry:146 - Adding type registration dbtimestamp -> org.hibernate.type.DbTimestampType@61009542
15:38:01,089 DEBUG BasicTypeRegistry:146 - Adding type registration calendar -> org.hibernate.type.CalendarType@7f9fcf7f
15:38:01,090 DEBUG BasicTypeRegistry:146 - Adding type registration java.util.Calendar -> org.hibernate.type.CalendarType@7f9fcf7f
15:38:01,103 DEBUG BasicTypeRegistry:146 - Adding type registration java.util.GregorianCalendar -> org.hibernate.type.CalendarType@7f9fcf7f
15:38:01,106 DEBUG BasicTypeRegistry:146 - Adding type registration calendar_date -> org.hibernate.type.CalendarDateType@145eaa29
15:38:01,108 DEBUG BasicTypeRegistry:146 - Adding type registration locale -> org.hibernate.type.LocaleType@41ee392b
15:38:01,109 DEBUG BasicTypeRegistry:146 - Adding type registration java.util.Locale -> org.hibernate.type.LocaleType@41ee392b
15:38:01,116 DEBUG BasicTypeRegistry:146 - Adding type registration currency -> org.hibernate.type.CurrencyType@6ee12bac
15:38:01,117 DEBUG BasicTypeRegistry:146 - Adding type registration java.util.Currency -> org.hibernate.type.CurrencyType@6ee12bac
15:38:01,125 DEBUG BasicTypeRegistry:146 - Adding type registration timezone -> org.hibernate.type.TimeZoneType@75f9eccc
15:38:01,126 DEBUG BasicTypeRegistry:146 - Adding type registration java.util.TimeZone -> org.hibernate.type.TimeZoneType@75f9eccc
15:38:01,128 DEBUG BasicTypeRegistry:146 - Adding type registration class -> org.hibernate.type.ClassType@5ea434c8
15:38:01,128 DEBUG BasicTypeRegistry:146 - Adding type registration java.lang.Class -> org.hibernate.type.ClassType@5ea434c8
15:38:01,141 DEBUG BasicTypeRegistry:146 - Adding type registration uuid-binary -> org.hibernate.type.UUIDBinaryType@52e677af
15:38:01,142 DEBUG BasicTypeRegistry:146 - Adding type registration java.util.UUID -> org.hibernate.type.UUIDBinaryType@52e677af
15:38:01,160 DEBUG BasicTypeRegistry:146 - Adding type registration uuid-char -> org.hibernate.type.UUIDCharType@341b80b2
15:38:01,163 DEBUG BasicTypeRegistry:146 - Adding type registration pg-uuid -> org.hibernate.type.PostgresUUIDType@1b083826
15:38:01,166 DEBUG BasicTypeRegistry:146 - Adding type registration binary -> org.hibernate.type.BinaryType@7d68ef40
15:38:01,166 DEBUG BasicTypeRegistry:146 - Adding type registration byte[] -> org.hibernate.type.BinaryType@7d68ef40
15:38:01,167 DEBUG BasicTypeRegistry:146 - Adding type registration [B -> org.hibernate.type.BinaryType@7d68ef40
15:38:01,170 DEBUG BasicTypeRegistry:146 - Adding type registration wrapper-binary -> org.hibernate.type.WrapperBinaryType@5d740a0f
15:38:01,171 DEBUG BasicTypeRegistry:146 - Adding type registration Byte[] -> org.hibernate.type.WrapperBinaryType@5d740a0f
15:38:01,173 DEBUG BasicTypeRegistry:146 - Adding type registration [Ljava.lang.Byte; -> org.hibernate.type.WrapperBinaryType@5d740a0f
15:38:01,175 DEBUG BasicTypeRegistry:146 - Adding type registration image -> org.hibernate.type.ImageType@2c34f934
15:38:01,185 DEBUG BasicTypeRegistry:146 - Adding type registration characters -> org.hibernate.type.CharArrayType@212bf671
15:38:01,185 DEBUG BasicTypeRegistry:146 - Adding type registration char[] -> org.hibernate.type.CharArrayType@212bf671
15:38:01,190 DEBUG BasicTypeRegistry:146 - Adding type registration [C -> org.hibernate.type.CharArrayType@212bf671
15:38:01,194 DEBUG BasicTypeRegistry:146 - Adding type registration wrapper-characters -> org.hibernate.type.CharacterArrayType@17c386de
15:38:01,197 DEBUG BasicTypeRegistry:146 - Adding type registration [Ljava.lang.Character; -> org.hibernate.type.CharacterArrayType@17c386de
15:38:01,198 DEBUG BasicTypeRegistry:146 - Adding type registration Character[] -> org.hibernate.type.CharacterArrayType@17c386de
15:38:01,200 DEBUG BasicTypeRegistry:146 - Adding type registration text -> org.hibernate.type.TextType@780cb77
15:38:01,203 DEBUG BasicTypeRegistry:146 - Adding type registration ntext -> org.hibernate.type.NTextType@2d9d4f9d
15:38:01,211 DEBUG BasicTypeRegistry:146 - Adding type registration blob -> org.hibernate.type.BlobType@f2f2cc1
15:38:01,213 DEBUG BasicTypeRegistry:146 - Adding type registration java.sql.Blob -> org.hibernate.type.BlobType@f2f2cc1
15:38:01,215 DEBUG BasicTypeRegistry:146 - Adding type registration materialized_blob -> org.hibernate.type.MaterializedBlobType@2aa5fe93
15:38:01,248 DEBUG BasicTypeRegistry:146 - Adding type registration clob -> org.hibernate.type.ClobType@a4102b8
15:38:01,251 DEBUG BasicTypeRegistry:146 - Adding type registration java.sql.Clob -> org.hibernate.type.ClobType@a4102b8
15:38:01,270 DEBUG BasicTypeRegistry:146 - Adding type registration nclob -> org.hibernate.type.NClobType@78dd667e
15:38:01,271 DEBUG BasicTypeRegistry:146 - Adding type registration java.sql.NClob -> org.hibernate.type.NClobType@78dd667e
15:38:01,272 DEBUG BasicTypeRegistry:146 - Adding type registration materialized_clob -> org.hibernate.type.MaterializedClobType@78b729e6
15:38:01,275 DEBUG BasicTypeRegistry:146 - Adding type registration materialized_nclob -> org.hibernate.type.MaterializedNClobType@197d671
15:38:01,279 DEBUG BasicTypeRegistry:146 - Adding type registration serializable -> org.hibernate.type.SerializableType@13c10b87
15:38:01,286 DEBUG BasicTypeRegistry:146 - Adding type registration object -> org.hibernate.type.ObjectType@7d3a22a9
15:38:01,286 DEBUG BasicTypeRegistry:146 - Adding type registration java.lang.Object -> org.hibernate.type.ObjectType@7d3a22a9
15:38:01,289 DEBUG BasicTypeRegistry:146 - Adding type registration imm_date -> org.hibernate.type.AdaptedImmutableType@6b19b79
15:38:01,291 DEBUG BasicTypeRegistry:146 - Adding type registration imm_time -> org.hibernate.type.AdaptedImmutableType@2a32de6c
15:38:01,291 DEBUG BasicTypeRegistry:146 - Adding type registration imm_timestamp -> org.hibernate.type.AdaptedImmutableType@7692d9cc
15:38:01,296 DEBUG BasicTypeRegistry:146 - Adding type registration imm_dbtimestamp -> org.hibernate.type.AdaptedImmutableType@75f32542
15:38:01,297 DEBUG BasicTypeRegistry:146 - Adding type registration imm_calendar -> org.hibernate.type.AdaptedImmutableType@7f1302d6
15:38:01,298 DEBUG BasicTypeRegistry:146 - Adding type registration imm_calendar_date -> org.hibernate.type.AdaptedImmutableType@43ee72e6
15:38:01,299 DEBUG BasicTypeRegistry:146 - Adding type registration imm_binary -> org.hibernate.type.AdaptedImmutableType@23529fee
15:38:01,300 DEBUG BasicTypeRegistry:146 - Adding type registration imm_serializable -> org.hibernate.type.AdaptedImmutableType@4fe767f3
15:38:01,368  INFO Version:66 - HCANN000001: Hibernate Commons Annotations {4.0.5.Final}
15:38:01,396  INFO Version:54 - HHH000412: Hibernate Core {4.3.11.Final}
15:38:01,406  INFO Environment:239 - HHH000206: hibernate.properties not found
15:38:01,414  INFO Environment:346 - HHH000021: Bytecode provider name : javassist
15:38:01,480  INFO Configuration:2075 - HHH000043: Configuring from resource: /hibernate.cfg.xml
15:38:01,481  INFO Configuration:2094 - HHH000040: Configuration resource: /hibernate.cfg.xml
15:38:02,776  INFO Configuration:2216 - HHH000041: Configured SessionFactory: 
15:38:02,887  WARN DriverManagerConnectionProviderImpl:93 - HHH000402: Using Hibernate built-in connection pool (not for production use!)
15:38:02,896  INFO DriverManagerConnectionProviderImpl:166 - HHH000401: using driver [com.mysql.jdbc.Driver] at URL [jdbc:mysql://localhost:3306/library]
15:38:02,897  INFO DriverManagerConnectionProviderImpl:175 - HHH000046: Connection properties: {user=root, password=****}
15:38:02,897  INFO DriverManagerConnectionProviderImpl:180 - HHH000006: Autocommit mode: false
15:38:02,899  INFO DriverManagerConnectionProviderImpl:102 - HHH000115: Hibernate connection pool size: 20 (min=1)
15:38:03,336  INFO Dialect:145 - HHH000400: Using dialect: org.hibernate.dialect.MySQLInnoDBDialect
15:38:03,600  INFO TransactionFactoryInitiator:62 - HHH000399: Using default transaction strategy (direct JDBC transactions)
15:38:03,605  INFO ASTQueryTranslatorFactory:47 - HHH000397: Using ASTQueryTranslatorFactory
15:38:03,629 TRACE TypeFactory:72 - Scoping types to session factory org.hibernate.internal.SessionFactoryImpl@41294f8
15:38:04,097  WARN SessionFactoryRegistry:116 - HHH000277: Could not bind factory to JNDI
org.hibernate.engine.jndi.JndiException: Error parsing JNDI name []
	at org.hibernate.engine.jndi.internal.JndiServiceImpl.parseName(JndiServiceImpl.java:141)
	at org.hibernate.engine.jndi.internal.JndiServiceImpl.bind(JndiServiceImpl.java:157)
	at org.hibernate.internal.SessionFactoryRegistry.addSessionFactory(SessionFactoryRegistry.java:103)
	at org.hibernate.internal.SessionFactoryImpl.<init>(SessionFactoryImpl.java:497)
	at org.hibernate.cfg.Configuration.buildSessionFactory(Configuration.java:1859)
	at com.softserve.edu.library2.dao.util.HibernateUtil.buildSessionFactory(HibernateUtil.java:33)
	at com.softserve.edu.library2.dao.util.HibernateUtil.<clinit>(HibernateUtil.java:22)
	at com.softserve.edu.library2.dao.impl.BookCopyDAOImplTest.init(BookCopyDAOImplTest.java:39)
	at sun.reflect.NativeMethodAccessorImpl.invoke0(Native Method)
	at sun.reflect.NativeMethodAccessorImpl.invoke(NativeMethodAccessorImpl.java:62)
	at sun.reflect.DelegatingMethodAccessorImpl.invoke(DelegatingMethodAccessorImpl.java:43)
	at java.lang.reflect.Method.invoke(Method.java:497)
	at org.junit.runners.model.FrameworkMethod$1.runReflectiveCall(FrameworkMethod.java:50)
	at org.junit.internal.runners.model.ReflectiveCallable.run(ReflectiveCallable.java:12)
	at org.junit.runners.model.FrameworkMethod.invokeExplosively(FrameworkMethod.java:47)
	at org.junit.internal.runners.statements.RunBefores.evaluate(RunBefores.java:24)
	at org.junit.runners.ParentRunner.runLeaf(ParentRunner.java:325)
	at org.junit.runners.BlockJUnit4ClassRunner.runChild(BlockJUnit4ClassRunner.java:78)
	at org.junit.runners.BlockJUnit4ClassRunner.runChild(BlockJUnit4ClassRunner.java:57)
	at org.junit.runners.ParentRunner$3.run(ParentRunner.java:290)
	at org.junit.runners.ParentRunner$1.schedule(ParentRunner.java:71)
	at org.junit.runners.ParentRunner.runChildren(ParentRunner.java:288)
	at org.junit.runners.ParentRunner.access$000(ParentRunner.java:58)
	at org.junit.runners.ParentRunner$2.evaluate(ParentRunner.java:268)
	at org.junit.runners.ParentRunner.run(ParentRunner.java:363)
	at org.junit.runner.JUnitCore.run(JUnitCore.java:137)
	at com.intellij.junit4.JUnit4IdeaTestRunner.startRunnerWithArgs(JUnit4IdeaTestRunner.java:78)
	at com.intellij.rt.execution.junit.JUnitStarter.prepareStreamsAndStart(JUnitStarter.java:212)
	at com.intellij.rt.execution.junit.JUnitStarter.main(JUnitStarter.java:68)
	at sun.reflect.NativeMethodAccessorImpl.invoke0(Native Method)
	at sun.reflect.NativeMethodAccessorImpl.invoke(NativeMethodAccessorImpl.java:62)
	at sun.reflect.DelegatingMethodAccessorImpl.invoke(DelegatingMethodAccessorImpl.java:43)
	at java.lang.reflect.Method.invoke(Method.java:497)
	at com.intellij.rt.execution.application.AppMain.main(AppMain.java:140)
Caused by: javax.naming.NoInitialContextException: Need to specify class name in environment or system property, or as an applet parameter, or in an application resource file:  java.naming.factory.initial
	at javax.naming.spi.NamingManager.getInitialContext(NamingManager.java:662)
	at javax.naming.InitialContext.getDefaultInitCtx(InitialContext.java:313)
	at javax.naming.InitialContext.getURLOrDefaultInitCtx(InitialContext.java:350)
	at javax.naming.InitialContext.getNameParser(InitialContext.java:505)
	at org.hibernate.engine.jndi.internal.JndiServiceImpl.parseName(JndiServiceImpl.java:135)
	... 33 more
15:38:04,262 TRACE BasicBinder:81 - binding parameter [1] as [BIGINT] - [1234567891123]
15:38:04,266 TRACE BasicExtractor:68 - extracted value ([author_i7_2_] : [INTEGER]) - [null]
15:38:04,267 TRACE BasicExtractor:78 - extracted value ([book_cop2_2_] : [INTEGER]) - [3]
15:38:04,268 TRACE BasicExtractor:78 - extracted value ([name3_2_] : [VARCHAR]) - [Hibernate 4 dummies]
15:38:04,268 TRACE BasicExtractor:68 - extracted value ([page_cou4_2_] : [INTEGER]) - [null]
15:38:04,269 TRACE BasicExtractor:68 - extracted value ([publicat5_2_] : [VARCHAR]) - [null]
15:38:04,269 TRACE BasicExtractor:68 - extracted value ([year6_2_] : [DATE]) - [null]
15:38:04,315 TRACE BasicBinder:81 - binding parameter [1] as [BIGINT] - [1234567891123]
15:38:04,317 TRACE BasicExtractor:68 - extracted value ([author_i7_2_] : [INTEGER]) - [null]
15:38:04,318 TRACE BasicExtractor:78 - extracted value ([book_cop2_2_] : [INTEGER]) - [3]
15:38:04,319 TRACE BasicExtractor:78 - extracted value ([name3_2_] : [VARCHAR]) - [Hibernate 4 dummies]
15:38:04,319 TRACE BasicExtractor:68 - extracted value ([page_cou4_2_] : [INTEGER]) - [null]
15:38:04,320 TRACE BasicExtractor:68 - extracted value ([publicat5_2_] : [VARCHAR]) - [null]
15:38:04,321 TRACE BasicExtractor:68 - extracted value ([year6_2_] : [DATE]) - [null]
15:38:04,328 TRACE BasicBinder:81 - binding parameter [1] as [BIGINT] - [1234567891123]
15:38:04,336 TRACE BasicBinder:81 - binding parameter [2] as [TIMESTAMP] - [Fri Aug 21 15:38:00 EEST 2015]
15:38:04,338 TRACE BasicBinder:81 - binding parameter [3] as [CHAR] - [Y]
15:38:04,340 TRACE BasicBinder:81 - binding parameter [4] as [TIMESTAMP] - [Fri Aug 21 15:38:00 EEST 2015]
15:38:04,676 TRACE BasicBinder:81 - binding parameter [1] as [VARCHAR] - [name]
15:38:04,685 TRACE BasicBinder:81 - binding parameter [1] as [VARCHAR] - [name]
15:38:04,690 TRACE BasicBinder:81 - binding parameter [1] as [VARCHAR] - [Hibernate 4 dummies]
15:38:04,692 TRACE BasicExtractor:78 - extracted value ([book_cop1_3_] : [INTEGER]) - [7]
15:38:04,695 TRACE BasicExtractor:78 - extracted value ([isbn5_3_] : [BIGINT]) - [1234567891123]
15:38:04,696 TRACE BasicExtractor:78 - extracted value ([borrowin2_3_] : [TIMESTAMP]) - [2015-08-21 15:22:35.0]
15:38:04,697 TRACE BasicExtractor:78 - extracted value ([is_prese3_3_] : [CHAR]) - [Y]
15:38:04,697 TRACE BasicExtractor:78 - extracted value ([returnin4_3_] : [TIMESTAMP]) - [2015-08-21 15:22:35.0]
15:38:04,698 TRACE BasicExtractor:78 - extracted value ([book_cop1_3_] : [INTEGER]) - [8]
15:38:04,699 TRACE BasicExtractor:78 - extracted value ([isbn5_3_] : [BIGINT]) - [1234567891123]
15:38:04,699 TRACE BasicExtractor:78 - extracted value ([borrowin2_3_] : [TIMESTAMP]) - [2015-08-21 15:22:35.0]
15:38:04,699 TRACE BasicExtractor:78 - extracted value ([is_prese3_3_] : [CHAR]) - [Y]
15:38:04,700 TRACE BasicExtractor:78 - extracted value ([returnin4_3_] : [TIMESTAMP]) - [2015-08-21 15:22:35.0]
15:38:04,700 TRACE BasicExtractor:78 - extracted value ([book_cop1_3_] : [INTEGER]) - [9]
15:38:04,701 TRACE BasicExtractor:78 - extracted value ([isbn5_3_] : [BIGINT]) - [1234567891123]
15:38:04,701 TRACE BasicExtractor:78 - extracted value ([borrowin2_3_] : [TIMESTAMP]) - [2015-08-21 15:22:35.0]
15:38:04,702 TRACE BasicExtractor:78 - extracted value ([is_prese3_3_] : [CHAR]) - [Y]
15:38:04,702 TRACE BasicExtractor:78 - extracted value ([returnin4_3_] : [TIMESTAMP]) - [2015-08-21 15:22:35.0]
15:38:04,703 TRACE BasicExtractor:78 - extracted value ([book_cop1_3_] : [INTEGER]) - [10]
15:38:04,703 TRACE BasicExtractor:78 - extracted value ([isbn5_3_] : [BIGINT]) - [1234567891123]
15:38:04,704 TRACE BasicExtractor:78 - extracted value ([borrowin2_3_] : [TIMESTAMP]) - [2015-08-21 15:38:01.0]
15:38:04,704 TRACE BasicExtractor:78 - extracted value ([is_prese3_3_] : [CHAR]) - [Y]
15:38:04,705 TRACE BasicExtractor:78 - extracted value ([returnin4_3_] : [TIMESTAMP]) - [2015-08-21 15:38:01.0]
15:38:04,710 TRACE CollectionType:783 - Created collection wrapper: [com.softserve.edu.library2.dao.entities.BookCopy.bookCopyReaders#7]
15:38:04,711 TRACE CollectionType:783 - Created collection wrapper: [com.softserve.edu.library2.dao.entities.BookCopy.bookCopyReaders#8]
15:38:04,712 TRACE CollectionType:783 - Created collection wrapper: [com.softserve.edu.library2.dao.entities.BookCopy.bookCopyReaders#9]
15:38:04,712 TRACE CollectionType:783 - Created collection wrapper: [com.softserve.edu.library2.dao.entities.BookCopy.bookCopyReaders#10]
15:39:08,323 DEBUG BasicTypeRegistry:146 - Adding type registration boolean -> org.hibernate.type.BooleanType@33cb5951
15:39:08,332 DEBUG BasicTypeRegistry:146 - Adding type registration boolean -> org.hibernate.type.BooleanType@33cb5951
15:39:08,333 DEBUG BasicTypeRegistry:146 - Adding type registration java.lang.Boolean -> org.hibernate.type.BooleanType@33cb5951
15:39:08,336 DEBUG BasicTypeRegistry:146 - Adding type registration numeric_boolean -> org.hibernate.type.NumericBooleanType@4df828d7
15:39:08,339 DEBUG BasicTypeRegistry:146 - Adding type registration true_false -> org.hibernate.type.TrueFalseType@3ffcd140
15:39:08,341 DEBUG BasicTypeRegistry:146 - Adding type registration yes_no -> org.hibernate.type.YesNoType@120d6fe6
15:39:08,344 DEBUG BasicTypeRegistry:146 - Adding type registration byte -> org.hibernate.type.ByteType@21a947fe
15:39:08,345 DEBUG BasicTypeRegistry:146 - Adding type registration byte -> org.hibernate.type.ByteType@21a947fe
15:39:08,346 DEBUG BasicTypeRegistry:146 - Adding type registration java.lang.Byte -> org.hibernate.type.ByteType@21a947fe
15:39:08,349 DEBUG BasicTypeRegistry:146 - Adding type registration character -> org.hibernate.type.CharacterType@6c3f5566
15:39:08,350 DEBUG BasicTypeRegistry:146 - Adding type registration char -> org.hibernate.type.CharacterType@6c3f5566
15:39:08,351 DEBUG BasicTypeRegistry:146 - Adding type registration java.lang.Character -> org.hibernate.type.CharacterType@6c3f5566
15:39:08,355 DEBUG BasicTypeRegistry:146 - Adding type registration short -> org.hibernate.type.ShortType@71248c21
15:39:08,356 DEBUG BasicTypeRegistry:146 - Adding type registration short -> org.hibernate.type.ShortType@71248c21
15:39:08,356 DEBUG BasicTypeRegistry:146 - Adding type registration java.lang.Short -> org.hibernate.type.ShortType@71248c21
15:39:08,359 DEBUG BasicTypeRegistry:146 - Adding type registration integer -> org.hibernate.type.IntegerType@6b0c2d26
15:39:08,371 DEBUG BasicTypeRegistry:146 - Adding type registration int -> org.hibernate.type.IntegerType@6b0c2d26
15:39:08,372 DEBUG BasicTypeRegistry:146 - Adding type registration java.lang.Integer -> org.hibernate.type.IntegerType@6b0c2d26
15:39:08,375 DEBUG BasicTypeRegistry:146 - Adding type registration long -> org.hibernate.type.LongType@146044d7
15:39:08,376 DEBUG BasicTypeRegistry:146 - Adding type registration long -> org.hibernate.type.LongType@146044d7
15:39:08,377 DEBUG BasicTypeRegistry:146 - Adding type registration java.lang.Long -> org.hibernate.type.LongType@146044d7
15:39:08,388 DEBUG BasicTypeRegistry:146 - Adding type registration float -> org.hibernate.type.FloatType@19dc67c2
15:39:08,389 DEBUG BasicTypeRegistry:146 - Adding type registration float -> org.hibernate.type.FloatType@19dc67c2
15:39:08,390 DEBUG BasicTypeRegistry:146 - Adding type registration java.lang.Float -> org.hibernate.type.FloatType@19dc67c2
15:39:08,393 DEBUG BasicTypeRegistry:146 - Adding type registration double -> org.hibernate.type.DoubleType@58fdd99
15:39:08,394 DEBUG BasicTypeRegistry:146 - Adding type registration double -> org.hibernate.type.DoubleType@58fdd99
15:39:08,395 DEBUG BasicTypeRegistry:146 - Adding type registration java.lang.Double -> org.hibernate.type.DoubleType@58fdd99
15:39:08,399 DEBUG BasicTypeRegistry:146 - Adding type registration big_decimal -> org.hibernate.type.BigDecimalType@6a472554
15:39:08,400 DEBUG BasicTypeRegistry:146 - Adding type registration java.math.BigDecimal -> org.hibernate.type.BigDecimalType@6a472554
15:39:08,402 DEBUG BasicTypeRegistry:146 - Adding type registration big_integer -> org.hibernate.type.BigIntegerType@61d47554
15:39:08,403 DEBUG BasicTypeRegistry:146 - Adding type registration java.math.BigInteger -> org.hibernate.type.BigIntegerType@61d47554
15:39:08,406 DEBUG BasicTypeRegistry:146 - Adding type registration string -> org.hibernate.type.StringType@5a4aa2f2
15:39:08,419 DEBUG BasicTypeRegistry:146 - Adding type registration java.lang.String -> org.hibernate.type.StringType@5a4aa2f2
15:39:08,422 DEBUG BasicTypeRegistry:146 - Adding type registration nstring -> org.hibernate.type.StringNVarcharType@279ad2e3
15:39:08,424 DEBUG BasicTypeRegistry:146 - Adding type registration ncharacter -> org.hibernate.type.CharacterNCharType@77e4c80f
15:39:08,426 DEBUG BasicTypeRegistry:146 - Adding type registration url -> org.hibernate.type.UrlType@255b53dc
15:39:08,427 DEBUG BasicTypeRegistry:146 - Adding type registration java.net.URL -> org.hibernate.type.UrlType@255b53dc
15:39:08,434 DEBUG BasicTypeRegistry:146 - Adding type registration date -> org.hibernate.type.DateType@971d0d8
15:39:08,443 DEBUG BasicTypeRegistry:146 - Adding type registration java.sql.Date -> org.hibernate.type.DateType@971d0d8
15:39:08,449 DEBUG BasicTypeRegistry:146 - Adding type registration time -> org.hibernate.type.TimeType@c8e4bb0
15:39:08,453 DEBUG BasicTypeRegistry:146 - Adding type registration java.sql.Time -> org.hibernate.type.TimeType@c8e4bb0
15:39:08,462 DEBUG BasicTypeRegistry:146 - Adding type registration timestamp -> org.hibernate.type.TimestampType@770c2e6b
15:39:08,464 DEBUG BasicTypeRegistry:146 - Adding type registration java.sql.Timestamp -> org.hibernate.type.TimestampType@770c2e6b
15:39:08,465 DEBUG BasicTypeRegistry:146 - Adding type registration java.util.Date -> org.hibernate.type.TimestampType@770c2e6b
15:39:08,474 DEBUG BasicTypeRegistry:146 - Adding type registration dbtimestamp -> org.hibernate.type.DbTimestampType@61009542
15:39:08,477 DEBUG BasicTypeRegistry:146 - Adding type registration calendar -> org.hibernate.type.CalendarType@7f9fcf7f
15:39:08,478 DEBUG BasicTypeRegistry:146 - Adding type registration java.util.Calendar -> org.hibernate.type.CalendarType@7f9fcf7f
15:39:08,479 DEBUG BasicTypeRegistry:146 - Adding type registration java.util.GregorianCalendar -> org.hibernate.type.CalendarType@7f9fcf7f
15:39:08,481 DEBUG BasicTypeRegistry:146 - Adding type registration calendar_date -> org.hibernate.type.CalendarDateType@145eaa29
15:39:08,484 DEBUG BasicTypeRegistry:146 - Adding type registration locale -> org.hibernate.type.LocaleType@41ee392b
15:39:08,485 DEBUG BasicTypeRegistry:146 - Adding type registration java.util.Locale -> org.hibernate.type.LocaleType@41ee392b
15:39:08,487 DEBUG BasicTypeRegistry:146 - Adding type registration currency -> org.hibernate.type.CurrencyType@6ee12bac
15:39:08,488 DEBUG BasicTypeRegistry:146 - Adding type registration java.util.Currency -> org.hibernate.type.CurrencyType@6ee12bac
15:39:08,491 DEBUG BasicTypeRegistry:146 - Adding type registration timezone -> org.hibernate.type.TimeZoneType@75f9eccc
15:39:08,492 DEBUG BasicTypeRegistry:146 - Adding type registration java.util.TimeZone -> org.hibernate.type.TimeZoneType@75f9eccc
15:39:08,494 DEBUG BasicTypeRegistry:146 - Adding type registration class -> org.hibernate.type.ClassType@5ea434c8
15:39:08,495 DEBUG BasicTypeRegistry:146 - Adding type registration java.lang.Class -> org.hibernate.type.ClassType@5ea434c8
15:39:08,498 DEBUG BasicTypeRegistry:146 - Adding type registration uuid-binary -> org.hibernate.type.UUIDBinaryType@52e677af
15:39:08,499 DEBUG BasicTypeRegistry:146 - Adding type registration java.util.UUID -> org.hibernate.type.UUIDBinaryType@52e677af
15:39:08,521 DEBUG BasicTypeRegistry:146 - Adding type registration uuid-char -> org.hibernate.type.UUIDCharType@341b80b2
15:39:08,528 DEBUG BasicTypeRegistry:146 - Adding type registration pg-uuid -> org.hibernate.type.PostgresUUIDType@1b083826
15:39:08,535 DEBUG BasicTypeRegistry:146 - Adding type registration binary -> org.hibernate.type.BinaryType@7d68ef40
15:39:08,536 DEBUG BasicTypeRegistry:146 - Adding type registration byte[] -> org.hibernate.type.BinaryType@7d68ef40
15:39:08,536 DEBUG BasicTypeRegistry:146 - Adding type registration [B -> org.hibernate.type.BinaryType@7d68ef40
15:39:08,545 DEBUG BasicTypeRegistry:146 - Adding type registration wrapper-binary -> org.hibernate.type.WrapperBinaryType@5d740a0f
15:39:08,545 DEBUG BasicTypeRegistry:146 - Adding type registration Byte[] -> org.hibernate.type.WrapperBinaryType@5d740a0f
15:39:08,548 DEBUG BasicTypeRegistry:146 - Adding type registration [Ljava.lang.Byte; -> org.hibernate.type.WrapperBinaryType@5d740a0f
15:39:08,555 DEBUG BasicTypeRegistry:146 - Adding type registration image -> org.hibernate.type.ImageType@2c34f934
15:39:08,561 DEBUG BasicTypeRegistry:146 - Adding type registration characters -> org.hibernate.type.CharArrayType@212bf671
15:39:08,563 DEBUG BasicTypeRegistry:146 - Adding type registration char[] -> org.hibernate.type.CharArrayType@212bf671
15:39:08,564 DEBUG BasicTypeRegistry:146 - Adding type registration [C -> org.hibernate.type.CharArrayType@212bf671
15:39:08,566 DEBUG BasicTypeRegistry:146 - Adding type registration wrapper-characters -> org.hibernate.type.CharacterArrayType@17c386de
15:39:08,567 DEBUG BasicTypeRegistry:146 - Adding type registration [Ljava.lang.Character; -> org.hibernate.type.CharacterArrayType@17c386de
15:39:08,568 DEBUG BasicTypeRegistry:146 - Adding type registration Character[] -> org.hibernate.type.CharacterArrayType@17c386de
15:39:08,569 DEBUG BasicTypeRegistry:146 - Adding type registration text -> org.hibernate.type.TextType@780cb77
15:39:08,572 DEBUG BasicTypeRegistry:146 - Adding type registration ntext -> org.hibernate.type.NTextType@2d9d4f9d
15:39:08,591 DEBUG BasicTypeRegistry:146 - Adding type registration blob -> org.hibernate.type.BlobType@f2f2cc1
15:39:08,591 DEBUG BasicTypeRegistry:146 - Adding type registration java.sql.Blob -> org.hibernate.type.BlobType@f2f2cc1
15:39:08,593 DEBUG BasicTypeRegistry:146 - Adding type registration materialized_blob -> org.hibernate.type.MaterializedBlobType@2aa5fe93
15:39:08,600 DEBUG BasicTypeRegistry:146 - Adding type registration clob -> org.hibernate.type.ClobType@a4102b8
15:39:08,602 DEBUG BasicTypeRegistry:146 - Adding type registration java.sql.Clob -> org.hibernate.type.ClobType@a4102b8
15:39:08,611 DEBUG BasicTypeRegistry:146 - Adding type registration nclob -> org.hibernate.type.NClobType@78dd667e
15:39:08,612 DEBUG BasicTypeRegistry:146 - Adding type registration java.sql.NClob -> org.hibernate.type.NClobType@78dd667e
15:39:08,613 DEBUG BasicTypeRegistry:146 - Adding type registration materialized_clob -> org.hibernate.type.MaterializedClobType@78b729e6
15:39:08,615 DEBUG BasicTypeRegistry:146 - Adding type registration materialized_nclob -> org.hibernate.type.MaterializedNClobType@197d671
15:39:08,619 DEBUG BasicTypeRegistry:146 - Adding type registration serializable -> org.hibernate.type.SerializableType@13c10b87
15:39:08,625 DEBUG BasicTypeRegistry:146 - Adding type registration object -> org.hibernate.type.ObjectType@7d3a22a9
15:39:08,625 DEBUG BasicTypeRegistry:146 - Adding type registration java.lang.Object -> org.hibernate.type.ObjectType@7d3a22a9
15:39:08,628 DEBUG BasicTypeRegistry:146 - Adding type registration imm_date -> org.hibernate.type.AdaptedImmutableType@6b19b79
15:39:08,629 DEBUG BasicTypeRegistry:146 - Adding type registration imm_time -> org.hibernate.type.AdaptedImmutableType@2a32de6c
15:39:08,630 DEBUG BasicTypeRegistry:146 - Adding type registration imm_timestamp -> org.hibernate.type.AdaptedImmutableType@7692d9cc
15:39:08,631 DEBUG BasicTypeRegistry:146 - Adding type registration imm_dbtimestamp -> org.hibernate.type.AdaptedImmutableType@75f32542
15:39:08,633 DEBUG BasicTypeRegistry:146 - Adding type registration imm_calendar -> org.hibernate.type.AdaptedImmutableType@7f1302d6
15:39:08,633 DEBUG BasicTypeRegistry:146 - Adding type registration imm_calendar_date -> org.hibernate.type.AdaptedImmutableType@43ee72e6
15:39:08,634 DEBUG BasicTypeRegistry:146 - Adding type registration imm_binary -> org.hibernate.type.AdaptedImmutableType@23529fee
15:39:08,634 DEBUG BasicTypeRegistry:146 - Adding type registration imm_serializable -> org.hibernate.type.AdaptedImmutableType@4fe767f3
15:39:08,671  INFO Version:66 - HCANN000001: Hibernate Commons Annotations {4.0.5.Final}
15:39:08,699  INFO Version:54 - HHH000412: Hibernate Core {4.3.11.Final}
15:39:08,702  INFO Environment:239 - HHH000206: hibernate.properties not found
15:39:08,713  INFO Environment:346 - HHH000021: Bytecode provider name : javassist
15:39:08,749  INFO Configuration:2075 - HHH000043: Configuring from resource: /hibernate.cfg.xml
15:39:08,750  INFO Configuration:2094 - HHH000040: Configuration resource: /hibernate.cfg.xml
15:39:14,796  INFO Configuration:2216 - HHH000041: Configured SessionFactory: 
15:39:14,908  WARN DriverManagerConnectionProviderImpl:93 - HHH000402: Using Hibernate built-in connection pool (not for production use!)
15:39:14,918  INFO DriverManagerConnectionProviderImpl:166 - HHH000401: using driver [com.mysql.jdbc.Driver] at URL [jdbc:mysql://localhost:3306/library]
15:39:14,919  INFO DriverManagerConnectionProviderImpl:175 - HHH000046: Connection properties: {user=root, password=****}
15:39:14,919  INFO DriverManagerConnectionProviderImpl:180 - HHH000006: Autocommit mode: false
15:39:14,922  INFO DriverManagerConnectionProviderImpl:102 - HHH000115: Hibernate connection pool size: 20 (min=1)
15:39:15,382  INFO Dialect:145 - HHH000400: Using dialect: org.hibernate.dialect.MySQLInnoDBDialect
15:39:15,691  INFO TransactionFactoryInitiator:62 - HHH000399: Using default transaction strategy (direct JDBC transactions)
15:39:15,696  INFO ASTQueryTranslatorFactory:47 - HHH000397: Using ASTQueryTranslatorFactory
15:39:15,719 TRACE TypeFactory:72 - Scoping types to session factory org.hibernate.internal.SessionFactoryImpl@41294f8
15:39:16,169  WARN SessionFactoryRegistry:116 - HHH000277: Could not bind factory to JNDI
org.hibernate.engine.jndi.JndiException: Error parsing JNDI name []
	at org.hibernate.engine.jndi.internal.JndiServiceImpl.parseName(JndiServiceImpl.java:141)
	at org.hibernate.engine.jndi.internal.JndiServiceImpl.bind(JndiServiceImpl.java:157)
	at org.hibernate.internal.SessionFactoryRegistry.addSessionFactory(SessionFactoryRegistry.java:103)
	at org.hibernate.internal.SessionFactoryImpl.<init>(SessionFactoryImpl.java:497)
	at org.hibernate.cfg.Configuration.buildSessionFactory(Configuration.java:1859)
	at com.softserve.edu.library2.dao.util.HibernateUtil.buildSessionFactory(HibernateUtil.java:33)
	at com.softserve.edu.library2.dao.util.HibernateUtil.<clinit>(HibernateUtil.java:22)
	at com.softserve.edu.library2.dao.impl.BookCopyDAOImplTest.init(BookCopyDAOImplTest.java:39)
	at sun.reflect.NativeMethodAccessorImpl.invoke0(Native Method)
	at sun.reflect.NativeMethodAccessorImpl.invoke(NativeMethodAccessorImpl.java:62)
	at sun.reflect.DelegatingMethodAccessorImpl.invoke(DelegatingMethodAccessorImpl.java:43)
	at java.lang.reflect.Method.invoke(Method.java:497)
	at org.junit.runners.model.FrameworkMethod$1.runReflectiveCall(FrameworkMethod.java:50)
	at org.junit.internal.runners.model.ReflectiveCallable.run(ReflectiveCallable.java:12)
	at org.junit.runners.model.FrameworkMethod.invokeExplosively(FrameworkMethod.java:47)
	at org.junit.internal.runners.statements.RunBefores.evaluate(RunBefores.java:24)
	at org.junit.runners.ParentRunner.runLeaf(ParentRunner.java:325)
	at org.junit.runners.BlockJUnit4ClassRunner.runChild(BlockJUnit4ClassRunner.java:78)
	at org.junit.runners.BlockJUnit4ClassRunner.runChild(BlockJUnit4ClassRunner.java:57)
	at org.junit.runners.ParentRunner$3.run(ParentRunner.java:290)
	at org.junit.runners.ParentRunner$1.schedule(ParentRunner.java:71)
	at org.junit.runners.ParentRunner.runChildren(ParentRunner.java:288)
	at org.junit.runners.ParentRunner.access$000(ParentRunner.java:58)
	at org.junit.runners.ParentRunner$2.evaluate(ParentRunner.java:268)
	at org.junit.runners.ParentRunner.run(ParentRunner.java:363)
	at org.junit.runner.JUnitCore.run(JUnitCore.java:137)
	at com.intellij.junit4.JUnit4IdeaTestRunner.startRunnerWithArgs(JUnit4IdeaTestRunner.java:78)
	at com.intellij.rt.execution.junit.JUnitStarter.prepareStreamsAndStart(JUnitStarter.java:212)
	at com.intellij.rt.execution.junit.JUnitStarter.main(JUnitStarter.java:68)
	at sun.reflect.NativeMethodAccessorImpl.invoke0(Native Method)
	at sun.reflect.NativeMethodAccessorImpl.invoke(NativeMethodAccessorImpl.java:62)
	at sun.reflect.DelegatingMethodAccessorImpl.invoke(DelegatingMethodAccessorImpl.java:43)
	at java.lang.reflect.Method.invoke(Method.java:497)
	at com.intellij.rt.execution.application.AppMain.main(AppMain.java:140)
Caused by: javax.naming.NoInitialContextException: Need to specify class name in environment or system property, or as an applet parameter, or in an application resource file:  java.naming.factory.initial
	at javax.naming.spi.NamingManager.getInitialContext(NamingManager.java:662)
	at javax.naming.InitialContext.getDefaultInitCtx(InitialContext.java:313)
	at javax.naming.InitialContext.getURLOrDefaultInitCtx(InitialContext.java:350)
	at javax.naming.InitialContext.getNameParser(InitialContext.java:505)
	at org.hibernate.engine.jndi.internal.JndiServiceImpl.parseName(JndiServiceImpl.java:135)
	... 33 more
15:39:16,355 TRACE BasicBinder:81 - binding parameter [1] as [BIGINT] - [1234567891123]
15:39:16,360 TRACE BasicExtractor:68 - extracted value ([author_i7_2_] : [INTEGER]) - [null]
15:39:16,360 TRACE BasicExtractor:78 - extracted value ([book_cop2_2_] : [INTEGER]) - [3]
15:39:16,361 TRACE BasicExtractor:78 - extracted value ([name3_2_] : [VARCHAR]) - [Hibernate 4 dummies]
15:39:16,361 TRACE BasicExtractor:68 - extracted value ([page_cou4_2_] : [INTEGER]) - [null]
15:39:16,362 TRACE BasicExtractor:68 - extracted value ([publicat5_2_] : [VARCHAR]) - [null]
15:39:16,363 TRACE BasicExtractor:68 - extracted value ([year6_2_] : [DATE]) - [null]
15:39:16,415 TRACE BasicBinder:81 - binding parameter [1] as [BIGINT] - [1234567891123]
15:39:16,417 TRACE BasicExtractor:68 - extracted value ([author_i7_2_] : [INTEGER]) - [null]
15:39:16,417 TRACE BasicExtractor:78 - extracted value ([book_cop2_2_] : [INTEGER]) - [3]
15:39:16,418 TRACE BasicExtractor:78 - extracted value ([name3_2_] : [VARCHAR]) - [Hibernate 4 dummies]
15:39:16,419 TRACE BasicExtractor:68 - extracted value ([page_cou4_2_] : [INTEGER]) - [null]
15:39:16,419 TRACE BasicExtractor:68 - extracted value ([publicat5_2_] : [VARCHAR]) - [null]
15:39:16,420 TRACE BasicExtractor:68 - extracted value ([year6_2_] : [DATE]) - [null]
15:39:16,426 TRACE BasicBinder:81 - binding parameter [1] as [BIGINT] - [1234567891123]
15:39:16,434 TRACE BasicBinder:81 - binding parameter [2] as [TIMESTAMP] - [Fri Aug 21 15:39:08 EEST 2015]
15:39:16,436 TRACE BasicBinder:81 - binding parameter [3] as [CHAR] - [Y]
15:39:16,437 TRACE BasicBinder:81 - binding parameter [4] as [TIMESTAMP] - [Fri Aug 21 15:39:08 EEST 2015]
15:39:16,720 TRACE BasicBinder:81 - binding parameter [1] as [VARCHAR] - [name]
15:39:16,731 TRACE BasicBinder:81 - binding parameter [1] as [VARCHAR] - [name]
15:39:16,736 TRACE BasicBinder:81 - binding parameter [1] as [VARCHAR] - [Hibernate 4 dummies]
15:39:16,738 TRACE BasicExtractor:78 - extracted value ([book_cop1_3_] : [INTEGER]) - [7]
15:39:16,742 TRACE BasicExtractor:78 - extracted value ([isbn5_3_] : [BIGINT]) - [1234567891123]
15:39:16,743 TRACE BasicExtractor:78 - extracted value ([borrowin2_3_] : [TIMESTAMP]) - [2015-08-21 15:22:35.0]
15:39:16,744 TRACE BasicExtractor:78 - extracted value ([is_prese3_3_] : [CHAR]) - [Y]
15:39:16,745 TRACE BasicExtractor:78 - extracted value ([returnin4_3_] : [TIMESTAMP]) - [2015-08-21 15:22:35.0]
15:39:16,746 TRACE BasicExtractor:78 - extracted value ([book_cop1_3_] : [INTEGER]) - [8]
15:39:16,747 TRACE BasicExtractor:78 - extracted value ([isbn5_3_] : [BIGINT]) - [1234567891123]
15:39:16,747 TRACE BasicExtractor:78 - extracted value ([borrowin2_3_] : [TIMESTAMP]) - [2015-08-21 15:22:35.0]
15:39:16,748 TRACE BasicExtractor:78 - extracted value ([is_prese3_3_] : [CHAR]) - [Y]
15:39:16,748 TRACE BasicExtractor:78 - extracted value ([returnin4_3_] : [TIMESTAMP]) - [2015-08-21 15:22:35.0]
15:39:16,749 TRACE BasicExtractor:78 - extracted value ([book_cop1_3_] : [INTEGER]) - [9]
15:39:16,749 TRACE BasicExtractor:78 - extracted value ([isbn5_3_] : [BIGINT]) - [1234567891123]
15:39:16,750 TRACE BasicExtractor:78 - extracted value ([borrowin2_3_] : [TIMESTAMP]) - [2015-08-21 15:22:35.0]
15:39:16,750 TRACE BasicExtractor:78 - extracted value ([is_prese3_3_] : [CHAR]) - [Y]
15:39:16,751 TRACE BasicExtractor:78 - extracted value ([returnin4_3_] : [TIMESTAMP]) - [2015-08-21 15:22:35.0]
15:39:16,752 TRACE BasicExtractor:78 - extracted value ([book_cop1_3_] : [INTEGER]) - [10]
15:39:16,752 TRACE BasicExtractor:78 - extracted value ([isbn5_3_] : [BIGINT]) - [1234567891123]
15:39:16,753 TRACE BasicExtractor:78 - extracted value ([borrowin2_3_] : [TIMESTAMP]) - [2015-08-21 15:38:01.0]
15:39:16,753 TRACE BasicExtractor:78 - extracted value ([is_prese3_3_] : [CHAR]) - [Y]
15:39:16,754 TRACE BasicExtractor:78 - extracted value ([returnin4_3_] : [TIMESTAMP]) - [2015-08-21 15:38:01.0]
15:39:16,754 TRACE BasicExtractor:78 - extracted value ([book_cop1_3_] : [INTEGER]) - [11]
15:39:16,755 TRACE BasicExtractor:78 - extracted value ([isbn5_3_] : [BIGINT]) - [1234567891123]
15:39:16,756 TRACE BasicExtractor:78 - extracted value ([borrowin2_3_] : [TIMESTAMP]) - [2015-08-21 15:39:08.0]
15:39:16,756 TRACE BasicExtractor:78 - extracted value ([is_prese3_3_] : [CHAR]) - [Y]
15:39:16,757 TRACE BasicExtractor:78 - extracted value ([returnin4_3_] : [TIMESTAMP]) - [2015-08-21 15:39:08.0]
15:39:16,765 TRACE CollectionType:783 - Created collection wrapper: [com.softserve.edu.library2.dao.entities.BookCopy.bookCopyReaders#7]
15:39:16,766 TRACE CollectionType:783 - Created collection wrapper: [com.softserve.edu.library2.dao.entities.BookCopy.bookCopyReaders#8]
15:39:16,767 TRACE CollectionType:783 - Created collection wrapper: [com.softserve.edu.library2.dao.entities.BookCopy.bookCopyReaders#9]
15:39:16,768 TRACE CollectionType:783 - Created collection wrapper: [com.softserve.edu.library2.dao.entities.BookCopy.bookCopyReaders#10]
15:39:16,768 TRACE CollectionType:783 - Created collection wrapper: [com.softserve.edu.library2.dao.entities.BookCopy.bookCopyReaders#11]
